2020-07-30 16:06:33.059  INFO 14600 --- [restartedMain] c.y.lesson.CompanyFrameApplication       : Starting CompanyFrameApplication on DESKTOP-E4QL4DB with PID 14600 (started by admin in D:\网易云课程资料\springboot课程课件源码\每章源码及课件\springboot10)
2020-07-30 16:06:33.065 DEBUG 14600 --- [restartedMain] c.y.lesson.CompanyFrameApplication       : Running with Spring Boot v2.1.6.RELEASE, Spring v5.1.8.RELEASE
2020-07-30 16:06:33.066  INFO 14600 --- [restartedMain] c.y.lesson.CompanyFrameApplication       : No active profile set, falling back to default profiles: default
2020-07-30 16:06:33.228  INFO 14600 --- [restartedMain] .e.DevToolsPropertyDefaultsPostProcessor : Devtools property defaults active! Set 'spring.devtools.add-properties' to 'false' to disable
2020-07-30 16:06:33.230  INFO 14600 --- [restartedMain] .e.DevToolsPropertyDefaultsPostProcessor : For additional web related logging consider setting the 'logging.level.web' property to 'DEBUG'
2020-07-30 16:06:39.509  INFO 14600 --- [restartedMain] .s.d.r.c.RepositoryConfigurationDelegate : Multiple Spring Data modules found, entering strict repository configuration mode!
2020-07-30 16:06:39.511  INFO 14600 --- [restartedMain] .s.d.r.c.RepositoryConfigurationDelegate : Bootstrapping Spring Data repositories in DEFAULT mode.
2020-07-30 16:06:39.565  INFO 14600 --- [restartedMain] .s.d.r.c.RepositoryConfigurationDelegate : Finished Spring Data repository scanning in 40ms. Found 0 repository interfaces.
2020-07-30 16:06:40.436  INFO 14600 --- [restartedMain] trationDelegate$BeanPostProcessorChecker : Bean 'shiroConfig' of type [com.yingxue.lesson.config.ShiroConfig$$EnhancerBySpringCGLIB$$8007f444] is not eligible for getting processed by all BeanPostProcessors (for example: not eligible for auto-proxying)
2020-07-30 16:06:41.643  INFO 14600 --- [restartedMain] trationDelegate$BeanPostProcessorChecker : Bean 'redisConfig' of type [com.yingxue.lesson.config.RedisConfig$$EnhancerBySpringCGLIB$$cad67b8e] is not eligible for getting processed by all BeanPostProcessors (for example: not eligible for auto-proxying)
2020-07-30 16:06:41.673  INFO 14600 --- [restartedMain] trationDelegate$BeanPostProcessorChecker : Bean 'spring.redis-org.springframework.boot.autoconfigure.data.redis.RedisProperties' of type [org.springframework.boot.autoconfigure.data.redis.RedisProperties] is not eligible for getting processed by all BeanPostProcessors (for example: not eligible for auto-proxying)
2020-07-30 16:06:41.678  INFO 14600 --- [restartedMain] trationDelegate$BeanPostProcessorChecker : Bean 'org.springframework.boot.autoconfigure.data.redis.LettuceConnectionConfiguration' of type [org.springframework.boot.autoconfigure.data.redis.LettuceConnectionConfiguration$$EnhancerBySpringCGLIB$$b5766688] is not eligible for getting processed by all BeanPostProcessors (for example: not eligible for auto-proxying)
2020-07-30 16:06:42.121  INFO 14600 --- [restartedMain] trationDelegate$BeanPostProcessorChecker : Bean 'lettuceClientResources' of type [io.lettuce.core.resource.DefaultClientResources] is not eligible for getting processed by all BeanPostProcessors (for example: not eligible for auto-proxying)
2020-07-30 16:06:42.321  INFO 14600 --- [restartedMain] trationDelegate$BeanPostProcessorChecker : Bean 'redisConnectionFactory' of type [org.springframework.data.redis.connection.lettuce.LettuceConnectionFactory] is not eligible for getting processed by all BeanPostProcessors (for example: not eligible for auto-proxying)
2020-07-30 16:06:42.338  INFO 14600 --- [restartedMain] trationDelegate$BeanPostProcessorChecker : Bean 'redisTemplate' of type [org.springframework.data.redis.core.RedisTemplate] is not eligible for getting processed by all BeanPostProcessors (for example: not eligible for auto-proxying)
2020-07-30 16:06:42.340  INFO 14600 --- [restartedMain] trationDelegate$BeanPostProcessorChecker : Bean 'redisService' of type [com.yingxue.lesson.service.RedisService] is not eligible for getting processed by all BeanPostProcessors (for example: not eligible for auto-proxying)
2020-07-30 16:06:42.340  INFO 14600 --- [restartedMain] trationDelegate$BeanPostProcessorChecker : Bean 'customHashedCredentialsMatcher' of type [com.yingxue.lesson.shiro.CustomHashedCredentialsMatcher] is not eligible for getting processed by all BeanPostProcessors (for example: not eligible for auto-proxying)
2020-07-30 16:06:42.342  INFO 14600 --- [restartedMain] trationDelegate$BeanPostProcessorChecker : Bean 'redisCacheManager' of type [com.yingxue.lesson.shiro.RedisCacheManager] is not eligible for getting processed by all BeanPostProcessors (for example: not eligible for auto-proxying)
2020-07-30 16:06:42.406  INFO 14600 --- [restartedMain] trationDelegate$BeanPostProcessorChecker : Bean 'mybatis-org.mybatis.spring.boot.autoconfigure.MybatisProperties' of type [org.mybatis.spring.boot.autoconfigure.MybatisProperties] is not eligible for getting processed by all BeanPostProcessors (for example: not eligible for auto-proxying)
2020-07-30 16:06:42.413  INFO 14600 --- [restartedMain] trationDelegate$BeanPostProcessorChecker : Bean 'org.mybatis.spring.boot.autoconfigure.MybatisAutoConfiguration' of type [org.mybatis.spring.boot.autoconfigure.MybatisAutoConfiguration$$EnhancerBySpringCGLIB$$d330f96e] is not eligible for getting processed by all BeanPostProcessors (for example: not eligible for auto-proxying)
2020-07-30 16:06:42.416  INFO 14600 --- [restartedMain] trationDelegate$BeanPostProcessorChecker : Bean 'com.alibaba.druid.spring.boot.autoconfigure.DruidDataSourceAutoConfigure' of type [com.alibaba.druid.spring.boot.autoconfigure.DruidDataSourceAutoConfigure$$EnhancerBySpringCGLIB$$ba089db0] is not eligible for getting processed by all BeanPostProcessors (for example: not eligible for auto-proxying)
2020-07-30 16:06:42.418  INFO 14600 --- [restartedMain] c.a.d.s.b.a.DruidDataSourceAutoConfigure : Init DruidDataSource
2020-07-30 16:06:42.650  INFO 14600 --- [restartedMain] trationDelegate$BeanPostProcessorChecker : Bean 'spring.datasource-org.springframework.boot.autoconfigure.jdbc.DataSourceProperties' of type [org.springframework.boot.autoconfigure.jdbc.DataSourceProperties] is not eligible for getting processed by all BeanPostProcessors (for example: not eligible for auto-proxying)
2020-07-30 16:06:42.656  INFO 14600 --- [restartedMain] trationDelegate$BeanPostProcessorChecker : Bean 'com.alibaba.druid.spring.boot.autoconfigure.stat.DruidFilterConfiguration' of type [com.alibaba.druid.spring.boot.autoconfigure.stat.DruidFilterConfiguration] is not eligible for getting processed by all BeanPostProcessors (for example: not eligible for auto-proxying)
2020-07-30 16:06:42.988  INFO 14600 --- [restartedMain] trationDelegate$BeanPostProcessorChecker : Bean 'statFilter' of type [com.alibaba.druid.filter.stat.StatFilter] is not eligible for getting processed by all BeanPostProcessors (for example: not eligible for auto-proxying)
2020-07-30 16:06:45.134  INFO 14600 --- [restartedMain] com.alibaba.druid.pool.DruidDataSource   : {dataSource-1} inited
2020-07-30 16:06:45.135  INFO 14600 --- [restartedMain] trationDelegate$BeanPostProcessorChecker : Bean 'dataSource' of type [com.alibaba.druid.spring.boot.autoconfigure.DruidDataSourceWrapper] is not eligible for getting processed by all BeanPostProcessors (for example: not eligible for auto-proxying)
2020-07-30 16:06:46.574  INFO 14600 --- [restartedMain] trationDelegate$BeanPostProcessorChecker : Bean 'sqlSessionFactory' of type [org.apache.ibatis.session.defaults.DefaultSqlSessionFactory] is not eligible for getting processed by all BeanPostProcessors (for example: not eligible for auto-proxying)
2020-07-30 16:06:46.580  INFO 14600 --- [restartedMain] trationDelegate$BeanPostProcessorChecker : Bean 'sqlSessionTemplate' of type [org.mybatis.spring.SqlSessionTemplate] is not eligible for getting processed by all BeanPostProcessors (for example: not eligible for auto-proxying)
2020-07-30 16:06:46.580  INFO 14600 --- [restartedMain] trationDelegate$BeanPostProcessorChecker : Bean 'sysRoleMapper' of type [org.mybatis.spring.mapper.MapperFactoryBean] is not eligible for getting processed by all BeanPostProcessors (for example: not eligible for auto-proxying)
2020-07-30 16:06:46.582  INFO 14600 --- [restartedMain] trationDelegate$BeanPostProcessorChecker : Bean 'sysRoleMapper' of type [com.sun.proxy.$Proxy68] is not eligible for getting processed by all BeanPostProcessors (for example: not eligible for auto-proxying)
2020-07-30 16:06:46.587  INFO 14600 --- [restartedMain] trationDelegate$BeanPostProcessorChecker : Bean 'sysRolePermissionMapper' of type [org.mybatis.spring.mapper.MapperFactoryBean] is not eligible for getting processed by all BeanPostProcessors (for example: not eligible for auto-proxying)
2020-07-30 16:06:46.588  INFO 14600 --- [restartedMain] trationDelegate$BeanPostProcessorChecker : Bean 'sysRolePermissionMapper' of type [com.sun.proxy.$Proxy69] is not eligible for getting processed by all BeanPostProcessors (for example: not eligible for auto-proxying)
2020-07-30 16:06:46.588  INFO 14600 --- [restartedMain] trationDelegate$BeanPostProcessorChecker : Bean 'rolePermissionServiceImpl' of type [com.yingxue.lesson.service.impl.RolePermissionServiceImpl] is not eligible for getting processed by all BeanPostProcessors (for example: not eligible for auto-proxying)
2020-07-30 16:06:46.594  INFO 14600 --- [restartedMain] trationDelegate$BeanPostProcessorChecker : Bean 'sysPermissionMapper' of type [org.mybatis.spring.mapper.MapperFactoryBean] is not eligible for getting processed by all BeanPostProcessors (for example: not eligible for auto-proxying)
2020-07-30 16:06:46.595  INFO 14600 --- [restartedMain] trationDelegate$BeanPostProcessorChecker : Bean 'sysPermissionMapper' of type [com.sun.proxy.$Proxy70] is not eligible for getting processed by all BeanPostProcessors (for example: not eligible for auto-proxying)
2020-07-30 16:06:46.606  INFO 14600 --- [restartedMain] trationDelegate$BeanPostProcessorChecker : Bean 'sysUserRoleMapper' of type [org.mybatis.spring.mapper.MapperFactoryBean] is not eligible for getting processed by all BeanPostProcessors (for example: not eligible for auto-proxying)
2020-07-30 16:06:46.608  INFO 14600 --- [restartedMain] trationDelegate$BeanPostProcessorChecker : Bean 'sysUserRoleMapper' of type [com.sun.proxy.$Proxy71] is not eligible for getting processed by all BeanPostProcessors (for example: not eligible for auto-proxying)
2020-07-30 16:06:46.609  INFO 14600 --- [restartedMain] trationDelegate$BeanPostProcessorChecker : Bean 'userRoleServiceImpl' of type [com.yingxue.lesson.service.impl.UserRoleServiceImpl] is not eligible for getting processed by all BeanPostProcessors (for example: not eligible for auto-proxying)
2020-07-30 16:06:46.614  INFO 14600 --- [restartedMain] trationDelegate$BeanPostProcessorChecker : Bean 'tokenSettings' of type [com.yingxue.lesson.utils.TokenSettings] is not eligible for getting processed by all BeanPostProcessors (for example: not eligible for auto-proxying)
2020-07-30 16:06:46.615  INFO 14600 --- [restartedMain] trationDelegate$BeanPostProcessorChecker : Bean 'permissionServiceImpl' of type [com.yingxue.lesson.service.impl.PermissionServiceImpl] is not eligible for getting processed by all BeanPostProcessors (for example: not eligible for auto-proxying)
2020-07-30 16:06:46.618  INFO 14600 --- [restartedMain] trationDelegate$BeanPostProcessorChecker : Bean 'roleServiceImpl' of type [com.yingxue.lesson.service.impl.RoleServiceImpl] is not eligible for getting processed by all BeanPostProcessors (for example: not eligible for auto-proxying)
2020-07-30 16:06:46.620  INFO 14600 --- [restartedMain] trationDelegate$BeanPostProcessorChecker : Bean 'customRealm' of type [com.yingxue.lesson.shiro.CustomRealm] is not eligible for getting processed by all BeanPostProcessors (for example: not eligible for auto-proxying)
2020-07-30 16:06:46.623  INFO 14600 --- [restartedMain] trationDelegate$BeanPostProcessorChecker : Bean 'securityManager' of type [org.apache.shiro.web.mgt.DefaultWebSecurityManager] is not eligible for getting processed by all BeanPostProcessors (for example: not eligible for auto-proxying)
2020-07-30 16:06:46.696  INFO 14600 --- [restartedMain] trationDelegate$BeanPostProcessorChecker : Bean 'authorizationAttributeSourceAdvisor' of type [org.apache.shiro.spring.security.interceptor.AuthorizationAttributeSourceAdvisor] is not eligible for getting processed by all BeanPostProcessors (for example: not eligible for auto-proxying)
2020-07-30 16:06:46.846  INFO 14600 --- [restartedMain] trationDelegate$BeanPostProcessorChecker : Bean 'org.springframework.transaction.annotation.ProxyTransactionManagementConfiguration' of type [org.springframework.transaction.annotation.ProxyTransactionManagementConfiguration$$EnhancerBySpringCGLIB$$a05ca83e] is not eligible for getting processed by all BeanPostProcessors (for example: not eligible for auto-proxying)
2020-07-30 16:06:49.438  INFO 14600 --- [restartedMain] o.s.b.w.embedded.tomcat.TomcatWebServer  : Tomcat initialized with port(s): 8080 (http)
2020-07-30 16:06:49.692  INFO 14600 --- [restartedMain] o.apache.catalina.core.StandardService   : Starting service [Tomcat]
2020-07-30 16:06:49.694  INFO 14600 --- [restartedMain] org.apache.catalina.core.StandardEngine  : Starting Servlet engine: [Apache Tomcat/9.0.21]
2020-07-30 16:06:50.038  INFO 14600 --- [restartedMain] o.a.c.c.C.[Tomcat].[localhost].[/]       : Initializing Spring embedded WebApplicationContext
2020-07-30 16:06:50.039  INFO 14600 --- [restartedMain] o.s.web.context.ContextLoader            : Root WebApplicationContext: initialization completed in 16807 ms
2020-07-30 16:06:52.064  INFO 14600 --- [restartedMain] pertySourcedRequestMappingHandlerMapping : Mapped URL path [/v2/api-docs] onto method [public org.springframework.http.ResponseEntity<springfox.documentation.spring.web.json.Json> springfox.documentation.swagger2.web.Swagger2Controller.getDocumentation(java.lang.String,javax.servlet.http.HttpServletRequest)]
2020-07-30 16:06:52.629  INFO 14600 --- [restartedMain] o.s.s.concurrent.ThreadPoolTaskExecutor  : Initializing ExecutorService 'applicationTaskExecutor'
2020-07-30 16:06:53.002  INFO 14600 --- [restartedMain] o.s.b.d.a.OptionalLiveReloadServer       : LiveReload server is running on port 35729
2020-07-30 16:06:55.121  INFO 14600 --- [restartedMain] d.s.w.p.DocumentationPluginsBootstrapper : Context refreshed
2020-07-30 16:06:55.238  INFO 14600 --- [restartedMain] d.s.w.p.DocumentationPluginsBootstrapper : Found 1 custom documentation plugin(s)
2020-07-30 16:06:55.414  INFO 14600 --- [restartedMain] s.d.s.w.s.ApiListingReferenceScanner     : Scanning for api listing references
2020-07-30 16:06:56.300  INFO 14600 --- [restartedMain] .d.s.w.r.o.CachingOperationNameGenerator : Generating unique operation named: pageInfoUsingPOST_1
2020-07-30 16:06:56.306  INFO 14600 --- [restartedMain] .d.s.w.r.o.CachingOperationNameGenerator : Generating unique operation named: getHomeUsingGET_1
2020-07-30 16:06:56.332  INFO 14600 --- [restartedMain] .d.s.w.r.o.CachingOperationNameGenerator : Generating unique operation named: detailInfoUsingGET_1
2020-07-30 16:06:56.349  INFO 14600 --- [restartedMain] .d.s.w.r.o.CachingOperationNameGenerator : Generating unique operation named: pageInfoUsingPOST_2
2020-07-30 16:06:56.702  INFO 14600 --- [restartedMain] o.s.b.w.embedded.tomcat.TomcatWebServer  : Tomcat started on port(s): 8080 (http) with context path ''
2020-07-30 16:06:56.705  INFO 14600 --- [restartedMain] c.y.lesson.CompanyFrameApplication       : Started CompanyFrameApplication in 24.29 seconds (JVM running for 26.028)
2020-07-30 16:07:05.298  INFO 14600 --- [http-nio-8080-exec-1] o.a.c.c.C.[Tomcat].[localhost].[/]       : Initializing Spring DispatcherServlet 'dispatcherServlet'
2020-07-30 16:07:05.299  INFO 14600 --- [http-nio-8080-exec-1] o.s.web.servlet.DispatcherServlet        : Initializing Servlet 'dispatcherServlet'
2020-07-30 16:07:05.323  INFO 14600 --- [http-nio-8080-exec-1] o.s.web.servlet.DispatcherServlet        : Completed initialization in 24 ms
2020-07-30 16:07:31.224 DEBUG 14600 --- [http-nio-8080-exec-10] c.y.l.m.SysUserMapper.getUserInfoByName  : ==>  Preparing: select id, username, salt, `password`, phone, dept_id, real_name, nick_name, email, `status`, sex, deleted, create_id, update_id, create_where, create_time, update_time from sys_user where deleted=1 and username=? 
2020-07-30 16:07:32.355 DEBUG 14600 --- [http-nio-8080-exec-10] c.y.l.m.SysUserMapper.getUserInfoByName  : ==> Parameters: admin(String)
2020-07-30 16:07:32.713 DEBUG 14600 --- [http-nio-8080-exec-10] c.y.l.m.SysUserMapper.getUserInfoByName  : <==      Total: 1
2020-07-30 16:07:32.719 DEBUG 14600 --- [http-nio-8080-exec-10] c.y.l.m.S.getRoleIdsByUserId             : ==>  Preparing: select role_id from sys_user_role where user_id=? 
2020-07-30 16:07:32.720 DEBUG 14600 --- [http-nio-8080-exec-10] c.y.l.m.S.getRoleIdsByUserId             : ==> Parameters: 9a26f5f1-cbd2-473d-82db-1d6dcf4598f8(String)
2020-07-30 16:07:33.798 ERROR 14600 --- [http-nio-8080-exec-10] c.y.l.e.handler.RestExceptionHandler     : Exception,
### Error querying database.  Cause: com.mysql.jdbc.exceptions.jdbc4.MySQLSyntaxErrorException: Table 'company_frame.sys_user_role' doesn't exist
### The error may exist in file [D:\网易云课程资料\springboot课程课件源码\每章源码及课件\springboot10\company-frame\target\classes\mapper\SysUserRoleMapper.xml]
### The error may involve defaultParameterMap
### The error occurred while setting parameters
### SQL: select role_id     from sys_user_role     where user_id=?
### Cause: com.mysql.jdbc.exceptions.jdbc4.MySQLSyntaxErrorException: Table 'company_frame.sys_user_role' doesn't exist
; bad SQL grammar []; nested exception is com.mysql.jdbc.exceptions.jdbc4.MySQLSyntaxErrorException: Table 'company_frame.sys_user_role' doesn't exist,{}

org.springframework.jdbc.BadSqlGrammarException: 
### Error querying database.  Cause: com.mysql.jdbc.exceptions.jdbc4.MySQLSyntaxErrorException: Table 'company_frame.sys_user_role' doesn't exist
### The error may exist in file [D:\网易云课程资料\springboot课程课件源码\每章源码及课件\springboot10\company-frame\target\classes\mapper\SysUserRoleMapper.xml]
### The error may involve defaultParameterMap
### The error occurred while setting parameters
### SQL: select role_id     from sys_user_role     where user_id=?
### Cause: com.mysql.jdbc.exceptions.jdbc4.MySQLSyntaxErrorException: Table 'company_frame.sys_user_role' doesn't exist
; bad SQL grammar []; nested exception is com.mysql.jdbc.exceptions.jdbc4.MySQLSyntaxErrorException: Table 'company_frame.sys_user_role' doesn't exist
	at org.springframework.jdbc.support.SQLErrorCodeSQLExceptionTranslator.doTranslate(SQLErrorCodeSQLExceptionTranslator.java:234) ~[spring-jdbc-5.1.8.RELEASE.jar:5.1.8.RELEASE]
	at org.springframework.jdbc.support.AbstractFallbackSQLExceptionTranslator.translate(AbstractFallbackSQLExceptionTranslator.java:72) ~[spring-jdbc-5.1.8.RELEASE.jar:5.1.8.RELEASE]
	at org.mybatis.spring.MyBatisExceptionTranslator.translateExceptionIfPossible(MyBatisExceptionTranslator.java:73) ~[mybatis-spring-1.3.2.jar:1.3.2]
	at org.mybatis.spring.SqlSessionTemplate$SqlSessionInterceptor.invoke(SqlSessionTemplate.java:446) ~[mybatis-spring-1.3.2.jar:1.3.2]
	at com.sun.proxy.$Proxy67.selectList(Unknown Source) ~[na:na]
	at org.mybatis.spring.SqlSessionTemplate.selectList(SqlSessionTemplate.java:230) ~[mybatis-spring-1.3.2.jar:1.3.2]
	at org.apache.ibatis.binding.MapperMethod.executeForMany(MapperMethod.java:139) ~[mybatis-3.4.6.jar:3.4.6]
	at org.apache.ibatis.binding.MapperMethod.execute(MapperMethod.java:76) ~[mybatis-3.4.6.jar:3.4.6]
	at org.apache.ibatis.binding.MapperProxy.invoke(MapperProxy.java:59) ~[mybatis-3.4.6.jar:3.4.6]
	at com.sun.proxy.$Proxy71.getRoleIdsByUserId(Unknown Source) ~[na:na]
	at com.yingxue.lesson.service.impl.UserRoleServiceImpl.getRoleIdsByUserId(UserRoleServiceImpl.java:31) ~[classes/:na]
	at com.yingxue.lesson.service.impl.RoleServiceImpl.getRoleInfoByUserId(RoleServiceImpl.java:204) ~[classes/:na]
	at com.yingxue.lesson.service.impl.RoleServiceImpl.getRoleNames(RoleServiceImpl.java:190) ~[classes/:na]
	at com.yingxue.lesson.service.impl.UserServiceImpl.getRolesByUserId(UserServiceImpl.java:106) ~[classes/:na]
	at com.yingxue.lesson.service.impl.UserServiceImpl.login(UserServiceImpl.java:79) ~[classes/:na]
	at com.yingxue.lesson.controller.UserController.login(UserController.java:47) ~[classes/:na]
	at com.yingxue.lesson.controller.UserController$$FastClassBySpringCGLIB$$2f03837f.invoke(<generated>) ~[classes/:na]
	at org.springframework.cglib.proxy.MethodProxy.invoke(MethodProxy.java:218) ~[spring-core-5.1.8.RELEASE.jar:5.1.8.RELEASE]
	at org.springframework.aop.framework.CglibAopProxy$CglibMethodInvocation.invokeJoinpoint(CglibAopProxy.java:749) ~[spring-aop-5.1.8.RELEASE.jar:5.1.8.RELEASE]
	at org.springframework.aop.framework.ReflectiveMethodInvocation.proceed(ReflectiveMethodInvocation.java:163) ~[spring-aop-5.1.8.RELEASE.jar:5.1.8.RELEASE]
	at org.springframework.aop.interceptor.ExposeInvocationInterceptor.invoke(ExposeInvocationInterceptor.java:93) ~[spring-aop-5.1.8.RELEASE.jar:5.1.8.RELEASE]
	at org.springframework.aop.framework.ReflectiveMethodInvocation.proceed(ReflectiveMethodInvocation.java:186) ~[spring-aop-5.1.8.RELEASE.jar:5.1.8.RELEASE]
	at org.springframework.aop.framework.CglibAopProxy$DynamicAdvisedInterceptor.intercept(CglibAopProxy.java:688) ~[spring-aop-5.1.8.RELEASE.jar:5.1.8.RELEASE]
	at com.yingxue.lesson.controller.UserController$$EnhancerBySpringCGLIB$$99de1f52.login(<generated>) ~[classes/:na]
	at com.yingxue.lesson.controller.UserController$$FastClassBySpringCGLIB$$2f03837f.invoke(<generated>) ~[classes/:na]
	at org.springframework.cglib.proxy.MethodProxy.invoke(MethodProxy.java:218) ~[spring-core-5.1.8.RELEASE.jar:5.1.8.RELEASE]
	at org.springframework.aop.framework.CglibAopProxy$DynamicAdvisedInterceptor.intercept(CglibAopProxy.java:684) ~[spring-aop-5.1.8.RELEASE.jar:5.1.8.RELEASE]
	at com.yingxue.lesson.controller.UserController$$EnhancerBySpringCGLIB$$70828dfd.login(<generated>) ~[classes/:na]
	at sun.reflect.NativeMethodAccessorImpl.invoke0(Native Method) ~[na:1.8.0_162]
	at sun.reflect.NativeMethodAccessorImpl.invoke(NativeMethodAccessorImpl.java:62) ~[na:1.8.0_162]
	at sun.reflect.DelegatingMethodAccessorImpl.invoke(DelegatingMethodAccessorImpl.java:43) ~[na:1.8.0_162]
	at java.lang.reflect.Method.invoke(Method.java:498) ~[na:1.8.0_162]
	at org.springframework.web.method.support.InvocableHandlerMethod.doInvoke(InvocableHandlerMethod.java:190) ~[spring-web-5.1.8.RELEASE.jar:5.1.8.RELEASE]
	at org.springframework.web.method.support.InvocableHandlerMethod.invokeForRequest(InvocableHandlerMethod.java:138) ~[spring-web-5.1.8.RELEASE.jar:5.1.8.RELEASE]
	at org.springframework.web.servlet.mvc.method.annotation.ServletInvocableHandlerMethod.invokeAndHandle(ServletInvocableHandlerMethod.java:104) ~[spring-webmvc-5.1.8.RELEASE.jar:5.1.8.RELEASE]
	at org.springframework.web.servlet.mvc.method.annotation.RequestMappingHandlerAdapter.invokeHandlerMethod(RequestMappingHandlerAdapter.java:892) ~[spring-webmvc-5.1.8.RELEASE.jar:5.1.8.RELEASE]
	at org.springframework.web.servlet.mvc.method.annotation.RequestMappingHandlerAdapter.handleInternal(RequestMappingHandlerAdapter.java:797) ~[spring-webmvc-5.1.8.RELEASE.jar:5.1.8.RELEASE]
	at org.springframework.web.servlet.mvc.method.AbstractHandlerMethodAdapter.handle(AbstractHandlerMethodAdapter.java:87) ~[spring-webmvc-5.1.8.RELEASE.jar:5.1.8.RELEASE]
	at org.springframework.web.servlet.DispatcherServlet.doDispatch(DispatcherServlet.java:1039) ~[spring-webmvc-5.1.8.RELEASE.jar:5.1.8.RELEASE]
	at org.springframework.web.servlet.DispatcherServlet.doService(DispatcherServlet.java:942) ~[spring-webmvc-5.1.8.RELEASE.jar:5.1.8.RELEASE]
	at org.springframework.web.servlet.FrameworkServlet.processRequest(FrameworkServlet.java:1005) [spring-webmvc-5.1.8.RELEASE.jar:5.1.8.RELEASE]
	at org.springframework.web.servlet.FrameworkServlet.doPost(FrameworkServlet.java:908) [spring-webmvc-5.1.8.RELEASE.jar:5.1.8.RELEASE]
	at javax.servlet.http.HttpServlet.service(HttpServlet.java:660) [tomcat-embed-core-9.0.21.jar:9.0.21]
	at org.springframework.web.servlet.FrameworkServlet.service(FrameworkServlet.java:882) [spring-webmvc-5.1.8.RELEASE.jar:5.1.8.RELEASE]
	at javax.servlet.http.HttpServlet.service(HttpServlet.java:741) [tomcat-embed-core-9.0.21.jar:9.0.21]
	at org.apache.catalina.core.ApplicationFilterChain.internalDoFilter(ApplicationFilterChain.java:231) [tomcat-embed-core-9.0.21.jar:9.0.21]
	at org.apache.catalina.core.ApplicationFilterChain.doFilter(ApplicationFilterChain.java:166) [tomcat-embed-core-9.0.21.jar:9.0.21]
	at org.apache.tomcat.websocket.server.WsFilter.doFilter(WsFilter.java:53) [tomcat-embed-websocket-9.0.21.jar:9.0.21]
	at org.apache.catalina.core.ApplicationFilterChain.internalDoFilter(ApplicationFilterChain.java:193) [tomcat-embed-core-9.0.21.jar:9.0.21]
	at org.apache.catalina.core.ApplicationFilterChain.doFilter(ApplicationFilterChain.java:166) [tomcat-embed-core-9.0.21.jar:9.0.21]
	at org.apache.shiro.web.servlet.ProxiedFilterChain.doFilter(ProxiedFilterChain.java:61) [shiro-web-1.4.1.jar:1.4.1]
	at org.apache.shiro.web.servlet.AdviceFilter.executeChain(AdviceFilter.java:108) [shiro-web-1.4.1.jar:1.4.1]
	at org.apache.shiro.web.servlet.AdviceFilter.doFilterInternal(AdviceFilter.java:137) [shiro-web-1.4.1.jar:1.4.1]
	at org.apache.shiro.web.servlet.OncePerRequestFilter.doFilter(OncePerRequestFilter.java:125) [shiro-web-1.4.1.jar:1.4.1]
	at org.apache.shiro.web.servlet.ProxiedFilterChain.doFilter(ProxiedFilterChain.java:66) [shiro-web-1.4.1.jar:1.4.1]
	at org.apache.shiro.web.servlet.AbstractShiroFilter.executeChain(AbstractShiroFilter.java:449) [shiro-web-1.4.1.jar:1.4.1]
	at org.apache.shiro.web.servlet.AbstractShiroFilter$1.call(AbstractShiroFilter.java:365) [shiro-web-1.4.1.jar:1.4.1]
	at org.apache.shiro.subject.support.SubjectCallable.doCall(SubjectCallable.java:90) [shiro-core-1.4.1.jar:1.4.1]
	at org.apache.shiro.subject.support.SubjectCallable.call(SubjectCallable.java:83) [shiro-core-1.4.1.jar:1.4.1]
	at org.apache.shiro.subject.support.DelegatingSubject.execute(DelegatingSubject.java:387) [shiro-core-1.4.1.jar:1.4.1]
	at org.apache.shiro.web.servlet.AbstractShiroFilter.doFilterInternal(AbstractShiroFilter.java:362) [shiro-web-1.4.1.jar:1.4.1]
	at org.apache.shiro.web.servlet.OncePerRequestFilter.doFilter(OncePerRequestFilter.java:125) [shiro-web-1.4.1.jar:1.4.1]
	at org.apache.catalina.core.ApplicationFilterChain.internalDoFilter(ApplicationFilterChain.java:193) [tomcat-embed-core-9.0.21.jar:9.0.21]
	at org.apache.catalina.core.ApplicationFilterChain.doFilter(ApplicationFilterChain.java:166) [tomcat-embed-core-9.0.21.jar:9.0.21]
	at com.alibaba.druid.support.http.WebStatFilter.doFilter(WebStatFilter.java:123) [druid-1.1.10.jar:1.1.10]
	at org.apache.catalina.core.ApplicationFilterChain.internalDoFilter(ApplicationFilterChain.java:193) [tomcat-embed-core-9.0.21.jar:9.0.21]
	at org.apache.catalina.core.ApplicationFilterChain.doFilter(ApplicationFilterChain.java:166) [tomcat-embed-core-9.0.21.jar:9.0.21]
	at org.springframework.web.filter.RequestContextFilter.doFilterInternal(RequestContextFilter.java:99) [spring-web-5.1.8.RELEASE.jar:5.1.8.RELEASE]
	at org.springframework.web.filter.OncePerRequestFilter.doFilter(OncePerRequestFilter.java:109) [spring-web-5.1.8.RELEASE.jar:5.1.8.RELEASE]
	at org.apache.catalina.core.ApplicationFilterChain.internalDoFilter(ApplicationFilterChain.java:193) [tomcat-embed-core-9.0.21.jar:9.0.21]
	at org.apache.catalina.core.ApplicationFilterChain.doFilter(ApplicationFilterChain.java:166) [tomcat-embed-core-9.0.21.jar:9.0.21]
	at org.springframework.web.filter.FormContentFilter.doFilterInternal(FormContentFilter.java:92) [spring-web-5.1.8.RELEASE.jar:5.1.8.RELEASE]
	at org.springframework.web.filter.OncePerRequestFilter.doFilter(OncePerRequestFilter.java:109) [spring-web-5.1.8.RELEASE.jar:5.1.8.RELEASE]
	at org.apache.catalina.core.ApplicationFilterChain.internalDoFilter(ApplicationFilterChain.java:193) [tomcat-embed-core-9.0.21.jar:9.0.21]
	at org.apache.catalina.core.ApplicationFilterChain.doFilter(ApplicationFilterChain.java:166) [tomcat-embed-core-9.0.21.jar:9.0.21]
	at org.springframework.web.filter.HiddenHttpMethodFilter.doFilterInternal(HiddenHttpMethodFilter.java:93) [spring-web-5.1.8.RELEASE.jar:5.1.8.RELEASE]
	at org.springframework.web.filter.OncePerRequestFilter.doFilter(OncePerRequestFilter.java:109) [spring-web-5.1.8.RELEASE.jar:5.1.8.RELEASE]
	at org.apache.catalina.core.ApplicationFilterChain.internalDoFilter(ApplicationFilterChain.java:193) [tomcat-embed-core-9.0.21.jar:9.0.21]
	at org.apache.catalina.core.ApplicationFilterChain.doFilter(ApplicationFilterChain.java:166) [tomcat-embed-core-9.0.21.jar:9.0.21]
	at org.springframework.web.filter.CharacterEncodingFilter.doFilterInternal(CharacterEncodingFilter.java:200) [spring-web-5.1.8.RELEASE.jar:5.1.8.RELEASE]
	at org.springframework.web.filter.OncePerRequestFilter.doFilter(OncePerRequestFilter.java:109) [spring-web-5.1.8.RELEASE.jar:5.1.8.RELEASE]
	at org.apache.catalina.core.ApplicationFilterChain.internalDoFilter(ApplicationFilterChain.java:193) [tomcat-embed-core-9.0.21.jar:9.0.21]
	at org.apache.catalina.core.ApplicationFilterChain.doFilter(ApplicationFilterChain.java:166) [tomcat-embed-core-9.0.21.jar:9.0.21]
	at org.apache.catalina.core.StandardWrapperValve.invoke(StandardWrapperValve.java:202) [tomcat-embed-core-9.0.21.jar:9.0.21]
	at org.apache.catalina.core.StandardContextValve.invoke(StandardContextValve.java:96) [tomcat-embed-core-9.0.21.jar:9.0.21]
	at org.apache.catalina.authenticator.AuthenticatorBase.invoke(AuthenticatorBase.java:490) [tomcat-embed-core-9.0.21.jar:9.0.21]
	at org.apache.catalina.core.StandardHostValve.invoke(StandardHostValve.java:139) [tomcat-embed-core-9.0.21.jar:9.0.21]
	at org.apache.catalina.valves.ErrorReportValve.invoke(ErrorReportValve.java:92) [tomcat-embed-core-9.0.21.jar:9.0.21]
	at org.apache.catalina.core.StandardEngineValve.invoke(StandardEngineValve.java:74) [tomcat-embed-core-9.0.21.jar:9.0.21]
	at org.apache.catalina.connector.CoyoteAdapter.service(CoyoteAdapter.java:343) [tomcat-embed-core-9.0.21.jar:9.0.21]
	at org.apache.coyote.http11.Http11Processor.service(Http11Processor.java:408) [tomcat-embed-core-9.0.21.jar:9.0.21]
	at org.apache.coyote.AbstractProcessorLight.process(AbstractProcessorLight.java:66) [tomcat-embed-core-9.0.21.jar:9.0.21]
	at org.apache.coyote.AbstractProtocol$ConnectionHandler.process(AbstractProtocol.java:853) [tomcat-embed-core-9.0.21.jar:9.0.21]
	at org.apache.tomcat.util.net.NioEndpoint$SocketProcessor.doRun(NioEndpoint.java:1587) [tomcat-embed-core-9.0.21.jar:9.0.21]
	at org.apache.tomcat.util.net.SocketProcessorBase.run(SocketProcessorBase.java:49) [tomcat-embed-core-9.0.21.jar:9.0.21]
	at java.util.concurrent.ThreadPoolExecutor.runWorker(ThreadPoolExecutor.java:1149) [na:1.8.0_162]
	at java.util.concurrent.ThreadPoolExecutor$Worker.run(ThreadPoolExecutor.java:624) [na:1.8.0_162]
	at org.apache.tomcat.util.threads.TaskThread$WrappingRunnable.run(TaskThread.java:61) [tomcat-embed-core-9.0.21.jar:9.0.21]
	at java.lang.Thread.run(Thread.java:748) [na:1.8.0_162]
Caused by: com.mysql.jdbc.exceptions.jdbc4.MySQLSyntaxErrorException: Table 'company_frame.sys_user_role' doesn't exist
	at sun.reflect.NativeConstructorAccessorImpl.newInstance0(Native Method) ~[na:1.8.0_162]
	at sun.reflect.NativeConstructorAccessorImpl.newInstance(NativeConstructorAccessorImpl.java:62) ~[na:1.8.0_162]
	at sun.reflect.DelegatingConstructorAccessorImpl.newInstance(DelegatingConstructorAccessorImpl.java:45) ~[na:1.8.0_162]
	at java.lang.reflect.Constructor.newInstance(Constructor.java:423) ~[na:1.8.0_162]
	at com.mysql.jdbc.Util.handleNewInstance(Util.java:425) ~[mysql-connector-java-5.1.47.jar:5.1.47]
	at com.mysql.jdbc.Util.getInstance(Util.java:408) ~[mysql-connector-java-5.1.47.jar:5.1.47]
	at com.mysql.jdbc.SQLError.createSQLException(SQLError.java:944) ~[mysql-connector-java-5.1.47.jar:5.1.47]
	at com.mysql.jdbc.MysqlIO.checkErrorPacket(MysqlIO.java:3978) ~[mysql-connector-java-5.1.47.jar:5.1.47]
	at com.mysql.jdbc.MysqlIO.checkErrorPacket(MysqlIO.java:3914) ~[mysql-connector-java-5.1.47.jar:5.1.47]
	at com.mysql.jdbc.MysqlIO.sendCommand(MysqlIO.java:2530) ~[mysql-connector-java-5.1.47.jar:5.1.47]
	at com.mysql.jdbc.MysqlIO.sqlQueryDirect(MysqlIO.java:2683) ~[mysql-connector-java-5.1.47.jar:5.1.47]
	at com.mysql.jdbc.ConnectionImpl.execSQL(ConnectionImpl.java:2495) ~[mysql-connector-java-5.1.47.jar:5.1.47]
	at com.mysql.jdbc.PreparedStatement.executeInternal(PreparedStatement.java:1903) ~[mysql-connector-java-5.1.47.jar:5.1.47]
	at com.mysql.jdbc.PreparedStatement.execute(PreparedStatement.java:1242) ~[mysql-connector-java-5.1.47.jar:5.1.47]
	at com.alibaba.druid.filter.FilterChainImpl.preparedStatement_execute(FilterChainImpl.java:3409) ~[druid-1.1.10.jar:1.1.10]
	at com.alibaba.druid.wall.WallFilter.preparedStatement_execute(WallFilter.java:619) ~[druid-1.1.10.jar:1.1.10]
	at com.alibaba.druid.filter.FilterChainImpl.preparedStatement_execute(FilterChainImpl.java:3407) ~[druid-1.1.10.jar:1.1.10]
	at com.alibaba.druid.filter.FilterEventAdapter.preparedStatement_execute(FilterEventAdapter.java:440) ~[druid-1.1.10.jar:1.1.10]
	at com.alibaba.druid.filter.FilterChainImpl.preparedStatement_execute(FilterChainImpl.java:3407) ~[druid-1.1.10.jar:1.1.10]
	at com.alibaba.druid.proxy.jdbc.PreparedStatementProxyImpl.execute(PreparedStatementProxyImpl.java:167) ~[druid-1.1.10.jar:1.1.10]
	at com.alibaba.druid.pool.DruidPooledPreparedStatement.execute(DruidPooledPreparedStatement.java:498) ~[druid-1.1.10.jar:1.1.10]
	at sun.reflect.NativeMethodAccessorImpl.invoke0(Native Method) ~[na:1.8.0_162]
	at sun.reflect.NativeMethodAccessorImpl.invoke(NativeMethodAccessorImpl.java:62) ~[na:1.8.0_162]
	at sun.reflect.DelegatingMethodAccessorImpl.invoke(DelegatingMethodAccessorImpl.java:43) ~[na:1.8.0_162]
	at java.lang.reflect.Method.invoke(Method.java:498) ~[na:1.8.0_162]
	at org.apache.ibatis.logging.jdbc.PreparedStatementLogger.invoke(PreparedStatementLogger.java:59) ~[mybatis-3.4.6.jar:3.4.6]
	at com.sun.proxy.$Proxy166.execute(Unknown Source) ~[na:na]
	at org.apache.ibatis.executor.statement.PreparedStatementHandler.query(PreparedStatementHandler.java:63) ~[mybatis-3.4.6.jar:3.4.6]
	at org.apache.ibatis.executor.statement.RoutingStatementHandler.query(RoutingStatementHandler.java:79) ~[mybatis-3.4.6.jar:3.4.6]
	at org.apache.ibatis.executor.SimpleExecutor.doQuery(SimpleExecutor.java:63) ~[mybatis-3.4.6.jar:3.4.6]
	at org.apache.ibatis.executor.BaseExecutor.queryFromDatabase(BaseExecutor.java:326) ~[mybatis-3.4.6.jar:3.4.6]
	at org.apache.ibatis.executor.BaseExecutor.query(BaseExecutor.java:156) ~[mybatis-3.4.6.jar:3.4.6]
	at org.apache.ibatis.executor.CachingExecutor.query(CachingExecutor.java:109) ~[mybatis-3.4.6.jar:3.4.6]
	at com.github.pagehelper.PageInterceptor.intercept(PageInterceptor.java:143) ~[pagehelper-5.1.4.jar:na]
	at org.apache.ibatis.plugin.Plugin.invoke(Plugin.java:61) ~[mybatis-3.4.6.jar:3.4.6]
	at com.sun.proxy.$Proxy164.query(Unknown Source) ~[na:na]
	at org.apache.ibatis.session.defaults.DefaultSqlSession.selectList(DefaultSqlSession.java:148) ~[mybatis-3.4.6.jar:3.4.6]
	at org.apache.ibatis.session.defaults.DefaultSqlSession.selectList(DefaultSqlSession.java:141) ~[mybatis-3.4.6.jar:3.4.6]
	at sun.reflect.NativeMethodAccessorImpl.invoke0(Native Method) ~[na:1.8.0_162]
	at sun.reflect.NativeMethodAccessorImpl.invoke(NativeMethodAccessorImpl.java:62) ~[na:1.8.0_162]
	at sun.reflect.DelegatingMethodAccessorImpl.invoke(DelegatingMethodAccessorImpl.java:43) ~[na:1.8.0_162]
	at java.lang.reflect.Method.invoke(Method.java:498) ~[na:1.8.0_162]
	at org.mybatis.spring.SqlSessionTemplate$SqlSessionInterceptor.invoke(SqlSessionTemplate.java:433) ~[mybatis-spring-1.3.2.jar:1.3.2]
	... 95 common frames omitted

2020-07-30 16:07:33.806  WARN 14600 --- [http-nio-8080-exec-10] .m.m.a.ExceptionHandlerExceptionResolver : Resolved [org.springframework.jdbc.BadSqlGrammarException: 
### Error querying database.  Cause: com.mysql.jdbc.exceptions.jdbc4.MySQLSyntaxErrorException: Table 'company_frame.sys_user_role' doesn't exist
### The error may exist in file [D:\网易云课程资料\springboot课程课件源码\每章源码及课件\springboot10\company-frame\target\classes\mapper\SysUserRoleMapper.xml]
### The error may involve defaultParameterMap
### The error occurred while setting parameters
### SQL: select role_id     from sys_user_role     where user_id=?
### Cause: com.mysql.jdbc.exceptions.jdbc4.MySQLSyntaxErrorException: Table 'company_frame.sys_user_role' doesn't exist
; bad SQL grammar []; nested exception is com.mysql.jdbc.exceptions.jdbc4.MySQLSyntaxErrorException: Table 'company_frame.sys_user_role' doesn't exist]
2020-07-30 16:09:31.792 DEBUG 14600 --- [http-nio-8080-exec-8] c.y.l.m.SysUserMapper.getUserInfoByName  : ==>  Preparing: select id, username, salt, `password`, phone, dept_id, real_name, nick_name, email, `status`, sex, deleted, create_id, update_id, create_where, create_time, update_time from sys_user where deleted=1 and username=? 
2020-07-30 16:09:31.793 DEBUG 14600 --- [http-nio-8080-exec-8] c.y.l.m.SysUserMapper.getUserInfoByName  : ==> Parameters: admin(String)
2020-07-30 16:09:31.796 DEBUG 14600 --- [http-nio-8080-exec-8] c.y.l.m.SysUserMapper.getUserInfoByName  : <==      Total: 1
2020-07-30 16:09:31.797 DEBUG 14600 --- [http-nio-8080-exec-8] c.y.l.m.S.getRoleIdsByUserId             : ==>  Preparing: select role_id from sys_user_role where user_id=? 
2020-07-30 16:09:31.797 DEBUG 14600 --- [http-nio-8080-exec-8] c.y.l.m.S.getRoleIdsByUserId             : ==> Parameters: fcf34b56-a7a2-4719-9236-867495e74c31(String)
2020-07-30 16:09:31.817 DEBUG 14600 --- [http-nio-8080-exec-8] c.y.l.m.S.getRoleIdsByUserId             : <==      Total: 1
2020-07-30 16:09:31.866 DEBUG 14600 --- [http-nio-8080-exec-8] c.y.l.m.SysRoleMapper.getRoleInfoByIds   : ==>  Preparing: select id, `name`, description, `status`, create_time, update_time, deleted from sys_role where id in ( ? ) and deleted=1 
2020-07-30 16:09:31.868 DEBUG 14600 --- [http-nio-8080-exec-8] c.y.l.m.SysRoleMapper.getRoleInfoByIds   : ==> Parameters: b125dbb8-459e-409f-bd1f-d17966568eda(String)
2020-07-30 16:09:31.878 DEBUG 14600 --- [http-nio-8080-exec-8] c.y.l.m.SysRoleMapper.getRoleInfoByIds   : <==      Total: 1
2020-07-30 16:09:31.879 DEBUG 14600 --- [http-nio-8080-exec-8] c.y.l.m.S.getRoleIdsByUserId             : ==>  Preparing: select role_id from sys_user_role where user_id=? 
2020-07-30 16:09:31.879 DEBUG 14600 --- [http-nio-8080-exec-8] c.y.l.m.S.getRoleIdsByUserId             : ==> Parameters: fcf34b56-a7a2-4719-9236-867495e74c31(String)
2020-07-30 16:09:31.880 DEBUG 14600 --- [http-nio-8080-exec-8] c.y.l.m.S.getRoleIdsByUserId             : <==      Total: 1
2020-07-30 16:09:31.881 DEBUG 14600 --- [http-nio-8080-exec-8] c.y.l.m.S.getPermissionIdsByRoles        : ==>  Preparing: SELECT permission_id from sys_role_permission where role_id in ( ? ) 
2020-07-30 16:09:31.882 DEBUG 14600 --- [http-nio-8080-exec-8] c.y.l.m.S.getPermissionIdsByRoles        : ==> Parameters: b125dbb8-459e-409f-bd1f-d17966568eda(String)
2020-07-30 16:09:31.884 DEBUG 14600 --- [http-nio-8080-exec-8] c.y.l.m.S.getPermissionIdsByRoles        : <==      Total: 29
2020-07-30 16:09:31.887 DEBUG 14600 --- [http-nio-8080-exec-8] c.y.l.m.S.selectInfoByIds                : ==>  Preparing: select id, code, `name`, perms, url, `method`, pid, order_num, `type`, `status`, create_time, update_time, deleted from sys_permission where id in ( ? , ? , ? , ? , ? , ? , ? , ? , ? , ? , ? , ? , ? , ? , ? , ? , ? , ? , ? , ? , ? , ? , ? , ? , ? , ? , ? , ? , ? ) and deleted=1 order by order_num DESC 
2020-07-30 16:09:31.892 DEBUG 14600 --- [http-nio-8080-exec-8] c.y.l.m.S.selectInfoByIds                : ==> Parameters: 39313e6a-14ed-4224-a91e-ef6a10ba54cd(String), 290c0240-0914-487c-b4e9-6635bf5ebfec(String), 2ae13993-9501-46d5-8473-fe45fee57f3b(String), 90b3be91-5e9d-42f8-81fb-0c9ef3014faa(String), e136cc74-9817-4ef1-b181-8f1afd7e102c(String), d41c2bc3-454c-4f62-84fe-97825d5cf8a7(String), 2f9a3f67-6ef3-4eac-b9a1-c0e898718d0c(String), 24b7b13c-f00f-4e6b-a221-fe2d780e4d4f(String), 145cb90b-d205-40f6-8a2d-703f41ed1feb(String), 8f393e44-b585-4875-866d-71f88fea9659(String), c198d1cb-ad4d-4001-9375-9ec8ee04053d(String), 84b9b525-aa44-4b16-9900-adca26115a37(String), 9ce621a0-ee2c-4cf6-b7bd-012a1a01ba63(String), 03dc1cbf-ef44-4326-a7dc-10fe16d22dad(String), 013095aa-0f4d-4c32-b30e-229a587e52ad(String), 0545d9d1-c82c-44c2-85e5-0b6ac4042515(String), 27acf73b-2fcb-451b-bdc4-e11e5ab41e2a(String), 346df872-8964-4455-8afd-ffa6308fb18a(String), 65734896-90c5-4b48-b9e8-dee47a74a297(String), 7141c2e9-6d50-46b6-94e8-100466b7249f(String), 2eeaa020-74d5-4c4b-9849-2cf4bd68fed9(String), 390ded0e-9f48-40a7-a841-791c203f22ae(String), b7348d63-c4d3-406d-9e46-543346674275(String), f9f4d9f4-a2f5-430c-9f2d-6c8e650a8c39(String), 47697e92-e199-4420-a2c2-09ec1b08cb9d(String), 4caeb861-354c-45f6-98b4-59f486beb511(String), 15bb6aff-2e3b-490a-a21f-0167ae0ebc0d(String), d60faf3e-9a72-49d5-b02d-a67bfeff07fa(String), bb5ca869-0303-4fc0-b067-936cba7d1cc8(String)
2020-07-30 16:09:31.961 DEBUG 14600 --- [http-nio-8080-exec-8] c.y.l.m.S.selectInfoByIds                : <==      Total: 29
2020-07-30 16:09:54.928  INFO 14600 --- [http-nio-8080-exec-7] c.y.l.shiro.CustomAccessControlerFilter  : GET
2020-07-30 16:09:54.928  INFO 14600 --- [http-nio-8080-exec-7] c.y.l.shiro.CustomAccessControlerFilter  : http://localhost:8080/api/login
2020-07-30 16:10:10.814  INFO 14600 --- [http-nio-8080-exec-9] c.y.l.shiro.CustomAccessControlerFilter  : GET
2020-07-30 16:10:10.814  INFO 14600 --- [http-nio-8080-exec-9] c.y.l.shiro.CustomAccessControlerFilter  : http://localhost:8080/api/login
2020-07-30 16:10:31.306  INFO 14600 --- [http-nio-8080-exec-10] c.y.l.shiro.CustomAccessControlerFilter  : GET
2020-07-30 16:10:31.308  INFO 14600 --- [http-nio-8080-exec-10] c.y.l.shiro.CustomAccessControlerFilter  : http://localhost:8080/api/usr/login
2020-07-30 16:10:38.886 ERROR 14600 --- [http-nio-8080-exec-3] c.y.l.e.handler.RestExceptionHandler     : Exception,Request method 'GET' not supported,{}

org.springframework.web.HttpRequestMethodNotSupportedException: Request method 'GET' not supported
	at org.springframework.web.servlet.mvc.method.RequestMappingInfoHandlerMapping.handleNoMatch(RequestMappingInfoHandlerMapping.java:200) ~[spring-webmvc-5.1.8.RELEASE.jar:5.1.8.RELEASE]
	at org.springframework.web.servlet.handler.AbstractHandlerMethodMapping.lookupHandlerMethod(AbstractHandlerMethodMapping.java:419) ~[spring-webmvc-5.1.8.RELEASE.jar:5.1.8.RELEASE]
	at org.springframework.web.servlet.handler.AbstractHandlerMethodMapping.getHandlerInternal(AbstractHandlerMethodMapping.java:365) ~[spring-webmvc-5.1.8.RELEASE.jar:5.1.8.RELEASE]
	at org.springframework.web.servlet.handler.AbstractHandlerMethodMapping.getHandlerInternal(AbstractHandlerMethodMapping.java:65) ~[spring-webmvc-5.1.8.RELEASE.jar:5.1.8.RELEASE]
	at org.springframework.web.servlet.handler.AbstractHandlerMapping.getHandler(AbstractHandlerMapping.java:401) ~[spring-webmvc-5.1.8.RELEASE.jar:5.1.8.RELEASE]
	at org.springframework.web.servlet.DispatcherServlet.getHandler(DispatcherServlet.java:1232) ~[spring-webmvc-5.1.8.RELEASE.jar:5.1.8.RELEASE]
	at org.springframework.web.servlet.DispatcherServlet.doDispatch(DispatcherServlet.java:1015) ~[spring-webmvc-5.1.8.RELEASE.jar:5.1.8.RELEASE]
	at org.springframework.web.servlet.DispatcherServlet.doService(DispatcherServlet.java:942) ~[spring-webmvc-5.1.8.RELEASE.jar:5.1.8.RELEASE]
	at org.springframework.web.servlet.FrameworkServlet.processRequest(FrameworkServlet.java:1005) [spring-webmvc-5.1.8.RELEASE.jar:5.1.8.RELEASE]
	at org.springframework.web.servlet.FrameworkServlet.doGet(FrameworkServlet.java:897) [spring-webmvc-5.1.8.RELEASE.jar:5.1.8.RELEASE]
	at javax.servlet.http.HttpServlet.service(HttpServlet.java:634) [tomcat-embed-core-9.0.21.jar:9.0.21]
	at org.springframework.web.servlet.FrameworkServlet.service(FrameworkServlet.java:882) [spring-webmvc-5.1.8.RELEASE.jar:5.1.8.RELEASE]
	at javax.servlet.http.HttpServlet.service(HttpServlet.java:741) [tomcat-embed-core-9.0.21.jar:9.0.21]
	at org.apache.catalina.core.ApplicationFilterChain.internalDoFilter(ApplicationFilterChain.java:231) [tomcat-embed-core-9.0.21.jar:9.0.21]
	at org.apache.catalina.core.ApplicationFilterChain.doFilter(ApplicationFilterChain.java:166) [tomcat-embed-core-9.0.21.jar:9.0.21]
	at org.apache.tomcat.websocket.server.WsFilter.doFilter(WsFilter.java:53) [tomcat-embed-websocket-9.0.21.jar:9.0.21]
	at org.apache.catalina.core.ApplicationFilterChain.internalDoFilter(ApplicationFilterChain.java:193) [tomcat-embed-core-9.0.21.jar:9.0.21]
	at org.apache.catalina.core.ApplicationFilterChain.doFilter(ApplicationFilterChain.java:166) [tomcat-embed-core-9.0.21.jar:9.0.21]
	at org.apache.shiro.web.servlet.ProxiedFilterChain.doFilter(ProxiedFilterChain.java:61) [shiro-web-1.4.1.jar:1.4.1]
	at org.apache.shiro.web.servlet.AdviceFilter.executeChain(AdviceFilter.java:108) [shiro-web-1.4.1.jar:1.4.1]
	at org.apache.shiro.web.servlet.AdviceFilter.doFilterInternal(AdviceFilter.java:137) [shiro-web-1.4.1.jar:1.4.1]
	at org.apache.shiro.web.servlet.OncePerRequestFilter.doFilter(OncePerRequestFilter.java:125) [shiro-web-1.4.1.jar:1.4.1]
	at org.apache.shiro.web.servlet.ProxiedFilterChain.doFilter(ProxiedFilterChain.java:66) [shiro-web-1.4.1.jar:1.4.1]
	at org.apache.shiro.web.servlet.AbstractShiroFilter.executeChain(AbstractShiroFilter.java:449) [shiro-web-1.4.1.jar:1.4.1]
	at org.apache.shiro.web.servlet.AbstractShiroFilter$1.call(AbstractShiroFilter.java:365) [shiro-web-1.4.1.jar:1.4.1]
	at org.apache.shiro.subject.support.SubjectCallable.doCall(SubjectCallable.java:90) [shiro-core-1.4.1.jar:1.4.1]
	at org.apache.shiro.subject.support.SubjectCallable.call(SubjectCallable.java:83) [shiro-core-1.4.1.jar:1.4.1]
	at org.apache.shiro.subject.support.DelegatingSubject.execute(DelegatingSubject.java:387) [shiro-core-1.4.1.jar:1.4.1]
	at org.apache.shiro.web.servlet.AbstractShiroFilter.doFilterInternal(AbstractShiroFilter.java:362) [shiro-web-1.4.1.jar:1.4.1]
	at org.apache.shiro.web.servlet.OncePerRequestFilter.doFilter(OncePerRequestFilter.java:125) [shiro-web-1.4.1.jar:1.4.1]
	at org.apache.catalina.core.ApplicationFilterChain.internalDoFilter(ApplicationFilterChain.java:193) [tomcat-embed-core-9.0.21.jar:9.0.21]
	at org.apache.catalina.core.ApplicationFilterChain.doFilter(ApplicationFilterChain.java:166) [tomcat-embed-core-9.0.21.jar:9.0.21]
	at com.alibaba.druid.support.http.WebStatFilter.doFilter(WebStatFilter.java:123) [druid-1.1.10.jar:1.1.10]
	at org.apache.catalina.core.ApplicationFilterChain.internalDoFilter(ApplicationFilterChain.java:193) [tomcat-embed-core-9.0.21.jar:9.0.21]
	at org.apache.catalina.core.ApplicationFilterChain.doFilter(ApplicationFilterChain.java:166) [tomcat-embed-core-9.0.21.jar:9.0.21]
	at org.springframework.web.filter.RequestContextFilter.doFilterInternal(RequestContextFilter.java:99) [spring-web-5.1.8.RELEASE.jar:5.1.8.RELEASE]
	at org.springframework.web.filter.OncePerRequestFilter.doFilter(OncePerRequestFilter.java:109) [spring-web-5.1.8.RELEASE.jar:5.1.8.RELEASE]
	at org.apache.catalina.core.ApplicationFilterChain.internalDoFilter(ApplicationFilterChain.java:193) [tomcat-embed-core-9.0.21.jar:9.0.21]
	at org.apache.catalina.core.ApplicationFilterChain.doFilter(ApplicationFilterChain.java:166) [tomcat-embed-core-9.0.21.jar:9.0.21]
	at org.springframework.web.filter.FormContentFilter.doFilterInternal(FormContentFilter.java:92) [spring-web-5.1.8.RELEASE.jar:5.1.8.RELEASE]
	at org.springframework.web.filter.OncePerRequestFilter.doFilter(OncePerRequestFilter.java:109) [spring-web-5.1.8.RELEASE.jar:5.1.8.RELEASE]
	at org.apache.catalina.core.ApplicationFilterChain.internalDoFilter(ApplicationFilterChain.java:193) [tomcat-embed-core-9.0.21.jar:9.0.21]
	at org.apache.catalina.core.ApplicationFilterChain.doFilter(ApplicationFilterChain.java:166) [tomcat-embed-core-9.0.21.jar:9.0.21]
	at org.springframework.web.filter.HiddenHttpMethodFilter.doFilterInternal(HiddenHttpMethodFilter.java:93) [spring-web-5.1.8.RELEASE.jar:5.1.8.RELEASE]
	at org.springframework.web.filter.OncePerRequestFilter.doFilter(OncePerRequestFilter.java:109) [spring-web-5.1.8.RELEASE.jar:5.1.8.RELEASE]
	at org.apache.catalina.core.ApplicationFilterChain.internalDoFilter(ApplicationFilterChain.java:193) [tomcat-embed-core-9.0.21.jar:9.0.21]
	at org.apache.catalina.core.ApplicationFilterChain.doFilter(ApplicationFilterChain.java:166) [tomcat-embed-core-9.0.21.jar:9.0.21]
	at org.springframework.web.filter.CharacterEncodingFilter.doFilterInternal(CharacterEncodingFilter.java:200) [spring-web-5.1.8.RELEASE.jar:5.1.8.RELEASE]
	at org.springframework.web.filter.OncePerRequestFilter.doFilter(OncePerRequestFilter.java:109) [spring-web-5.1.8.RELEASE.jar:5.1.8.RELEASE]
	at org.apache.catalina.core.ApplicationFilterChain.internalDoFilter(ApplicationFilterChain.java:193) [tomcat-embed-core-9.0.21.jar:9.0.21]
	at org.apache.catalina.core.ApplicationFilterChain.doFilter(ApplicationFilterChain.java:166) [tomcat-embed-core-9.0.21.jar:9.0.21]
	at org.apache.catalina.core.StandardWrapperValve.invoke(StandardWrapperValve.java:202) [tomcat-embed-core-9.0.21.jar:9.0.21]
	at org.apache.catalina.core.StandardContextValve.invoke(StandardContextValve.java:96) [tomcat-embed-core-9.0.21.jar:9.0.21]
	at org.apache.catalina.authenticator.AuthenticatorBase.invoke(AuthenticatorBase.java:490) [tomcat-embed-core-9.0.21.jar:9.0.21]
	at org.apache.catalina.core.StandardHostValve.invoke(StandardHostValve.java:139) [tomcat-embed-core-9.0.21.jar:9.0.21]
	at org.apache.catalina.valves.ErrorReportValve.invoke(ErrorReportValve.java:92) [tomcat-embed-core-9.0.21.jar:9.0.21]
	at org.apache.catalina.core.StandardEngineValve.invoke(StandardEngineValve.java:74) [tomcat-embed-core-9.0.21.jar:9.0.21]
	at org.apache.catalina.connector.CoyoteAdapter.service(CoyoteAdapter.java:343) [tomcat-embed-core-9.0.21.jar:9.0.21]
	at org.apache.coyote.http11.Http11Processor.service(Http11Processor.java:408) [tomcat-embed-core-9.0.21.jar:9.0.21]
	at org.apache.coyote.AbstractProcessorLight.process(AbstractProcessorLight.java:66) [tomcat-embed-core-9.0.21.jar:9.0.21]
	at org.apache.coyote.AbstractProtocol$ConnectionHandler.process(AbstractProtocol.java:853) [tomcat-embed-core-9.0.21.jar:9.0.21]
	at org.apache.tomcat.util.net.NioEndpoint$SocketProcessor.doRun(NioEndpoint.java:1587) [tomcat-embed-core-9.0.21.jar:9.0.21]
	at org.apache.tomcat.util.net.SocketProcessorBase.run(SocketProcessorBase.java:49) [tomcat-embed-core-9.0.21.jar:9.0.21]
	at java.util.concurrent.ThreadPoolExecutor.runWorker(ThreadPoolExecutor.java:1149) [na:1.8.0_162]
	at java.util.concurrent.ThreadPoolExecutor$Worker.run(ThreadPoolExecutor.java:624) [na:1.8.0_162]
	at org.apache.tomcat.util.threads.TaskThread$WrappingRunnable.run(TaskThread.java:61) [tomcat-embed-core-9.0.21.jar:9.0.21]
	at java.lang.Thread.run(Thread.java:748) [na:1.8.0_162]

2020-07-30 16:10:38.890  WARN 14600 --- [http-nio-8080-exec-3] .m.m.a.ExceptionHandlerExceptionResolver : Resolved [org.springframework.web.HttpRequestMethodNotSupportedException: Request method 'GET' not supported]
2020-07-30 16:11:23.992 DEBUG 14600 --- [http-nio-8080-exec-7] c.y.l.m.SysUserMapper.getUserInfoByName  : ==>  Preparing: select id, username, salt, `password`, phone, dept_id, real_name, nick_name, email, `status`, sex, deleted, create_id, update_id, create_where, create_time, update_time from sys_user where deleted=1 and username=? 
2020-07-30 16:11:23.993 DEBUG 14600 --- [http-nio-8080-exec-7] c.y.l.m.SysUserMapper.getUserInfoByName  : ==> Parameters: admin(String)
2020-07-30 16:11:23.995 DEBUG 14600 --- [http-nio-8080-exec-7] c.y.l.m.SysUserMapper.getUserInfoByName  : <==      Total: 1
2020-07-30 16:11:23.996 DEBUG 14600 --- [http-nio-8080-exec-7] c.y.l.m.S.getRoleIdsByUserId             : ==>  Preparing: select role_id from sys_user_role where user_id=? 
2020-07-30 16:11:23.997 DEBUG 14600 --- [http-nio-8080-exec-7] c.y.l.m.S.getRoleIdsByUserId             : ==> Parameters: fcf34b56-a7a2-4719-9236-867495e74c31(String)
2020-07-30 16:11:23.998 DEBUG 14600 --- [http-nio-8080-exec-7] c.y.l.m.S.getRoleIdsByUserId             : <==      Total: 1
2020-07-30 16:11:23.999 DEBUG 14600 --- [http-nio-8080-exec-7] c.y.l.m.SysRoleMapper.getRoleInfoByIds   : ==>  Preparing: select id, `name`, description, `status`, create_time, update_time, deleted from sys_role where id in ( ? ) and deleted=1 
2020-07-30 16:11:24.000 DEBUG 14600 --- [http-nio-8080-exec-7] c.y.l.m.SysRoleMapper.getRoleInfoByIds   : ==> Parameters: b125dbb8-459e-409f-bd1f-d17966568eda(String)
2020-07-30 16:11:24.001 DEBUG 14600 --- [http-nio-8080-exec-7] c.y.l.m.SysRoleMapper.getRoleInfoByIds   : <==      Total: 1
2020-07-30 16:11:24.002 DEBUG 14600 --- [http-nio-8080-exec-7] c.y.l.m.S.getRoleIdsByUserId             : ==>  Preparing: select role_id from sys_user_role where user_id=? 
2020-07-30 16:11:24.003 DEBUG 14600 --- [http-nio-8080-exec-7] c.y.l.m.S.getRoleIdsByUserId             : ==> Parameters: fcf34b56-a7a2-4719-9236-867495e74c31(String)
2020-07-30 16:11:24.006 DEBUG 14600 --- [http-nio-8080-exec-7] c.y.l.m.S.getRoleIdsByUserId             : <==      Total: 1
2020-07-30 16:11:24.009 DEBUG 14600 --- [http-nio-8080-exec-7] c.y.l.m.S.getPermissionIdsByRoles        : ==>  Preparing: SELECT permission_id from sys_role_permission where role_id in ( ? ) 
2020-07-30 16:11:24.010 DEBUG 14600 --- [http-nio-8080-exec-7] c.y.l.m.S.getPermissionIdsByRoles        : ==> Parameters: b125dbb8-459e-409f-bd1f-d17966568eda(String)
2020-07-30 16:11:24.013 DEBUG 14600 --- [http-nio-8080-exec-7] c.y.l.m.S.getPermissionIdsByRoles        : <==      Total: 29
2020-07-30 16:11:24.015 DEBUG 14600 --- [http-nio-8080-exec-7] c.y.l.m.S.selectInfoByIds                : ==>  Preparing: select id, code, `name`, perms, url, `method`, pid, order_num, `type`, `status`, create_time, update_time, deleted from sys_permission where id in ( ? , ? , ? , ? , ? , ? , ? , ? , ? , ? , ? , ? , ? , ? , ? , ? , ? , ? , ? , ? , ? , ? , ? , ? , ? , ? , ? , ? , ? ) and deleted=1 order by order_num DESC 
2020-07-30 16:11:24.016 DEBUG 14600 --- [http-nio-8080-exec-7] c.y.l.m.S.selectInfoByIds                : ==> Parameters: 39313e6a-14ed-4224-a91e-ef6a10ba54cd(String), 290c0240-0914-487c-b4e9-6635bf5ebfec(String), 2ae13993-9501-46d5-8473-fe45fee57f3b(String), 90b3be91-5e9d-42f8-81fb-0c9ef3014faa(String), e136cc74-9817-4ef1-b181-8f1afd7e102c(String), d41c2bc3-454c-4f62-84fe-97825d5cf8a7(String), 2f9a3f67-6ef3-4eac-b9a1-c0e898718d0c(String), 24b7b13c-f00f-4e6b-a221-fe2d780e4d4f(String), 145cb90b-d205-40f6-8a2d-703f41ed1feb(String), 8f393e44-b585-4875-866d-71f88fea9659(String), c198d1cb-ad4d-4001-9375-9ec8ee04053d(String), 84b9b525-aa44-4b16-9900-adca26115a37(String), 9ce621a0-ee2c-4cf6-b7bd-012a1a01ba63(String), 03dc1cbf-ef44-4326-a7dc-10fe16d22dad(String), 013095aa-0f4d-4c32-b30e-229a587e52ad(String), 0545d9d1-c82c-44c2-85e5-0b6ac4042515(String), 27acf73b-2fcb-451b-bdc4-e11e5ab41e2a(String), 346df872-8964-4455-8afd-ffa6308fb18a(String), 65734896-90c5-4b48-b9e8-dee47a74a297(String), 7141c2e9-6d50-46b6-94e8-100466b7249f(String), 2eeaa020-74d5-4c4b-9849-2cf4bd68fed9(String), 390ded0e-9f48-40a7-a841-791c203f22ae(String), b7348d63-c4d3-406d-9e46-543346674275(String), f9f4d9f4-a2f5-430c-9f2d-6c8e650a8c39(String), 47697e92-e199-4420-a2c2-09ec1b08cb9d(String), 4caeb861-354c-45f6-98b4-59f486beb511(String), 15bb6aff-2e3b-490a-a21f-0167ae0ebc0d(String), d60faf3e-9a72-49d5-b02d-a67bfeff07fa(String), bb5ca869-0303-4fc0-b067-936cba7d1cc8(String)
2020-07-30 16:11:24.023 DEBUG 14600 --- [http-nio-8080-exec-7] c.y.l.m.S.selectInfoByIds                : <==      Total: 29
2020-07-30 16:11:24.693  INFO 14600 --- [http-nio-8080-exec-2] c.y.l.shiro.CustomAccessControlerFilter  : GET
2020-07-30 16:11:24.693  INFO 14600 --- [http-nio-8080-exec-2] c.y.l.shiro.CustomAccessControlerFilter  : http://localhost:8080/api/home
2020-07-30 16:11:24.938  INFO 14600 --- [http-nio-8080-exec-2] io.lettuce.core.EpollProvider            : Starting without optional epoll library
2020-07-30 16:11:24.940  INFO 14600 --- [http-nio-8080-exec-2] io.lettuce.core.KqueueProvider           : Starting without optional kqueue library
2020-07-30 16:11:25.821 DEBUG 14600 --- [http-nio-8080-exec-2] c.y.l.m.S.getRoleIdsByUserId             : ==>  Preparing: select role_id from sys_user_role where user_id=? 
2020-07-30 16:11:25.821 DEBUG 14600 --- [http-nio-8080-exec-2] c.y.l.m.S.getRoleIdsByUserId             : ==> Parameters: fcf34b56-a7a2-4719-9236-867495e74c31(String)
2020-07-30 16:11:25.822 DEBUG 14600 --- [http-nio-8080-exec-2] c.y.l.m.S.getRoleIdsByUserId             : <==      Total: 1
2020-07-30 16:11:25.826 DEBUG 14600 --- [http-nio-8080-exec-2] c.y.l.m.S.getPermissionIdsByRoles        : ==>  Preparing: SELECT permission_id from sys_role_permission where role_id in ( ? ) 
2020-07-30 16:11:25.828 DEBUG 14600 --- [http-nio-8080-exec-2] c.y.l.m.S.getPermissionIdsByRoles        : ==> Parameters: b125dbb8-459e-409f-bd1f-d17966568eda(String)
2020-07-30 16:11:25.833 DEBUG 14600 --- [http-nio-8080-exec-2] c.y.l.m.S.getPermissionIdsByRoles        : <==      Total: 29
2020-07-30 16:11:25.835 DEBUG 14600 --- [http-nio-8080-exec-2] c.y.l.m.S.selectInfoByIds                : ==>  Preparing: select id, code, `name`, perms, url, `method`, pid, order_num, `type`, `status`, create_time, update_time, deleted from sys_permission where id in ( ? , ? , ? , ? , ? , ? , ? , ? , ? , ? , ? , ? , ? , ? , ? , ? , ? , ? , ? , ? , ? , ? , ? , ? , ? , ? , ? , ? , ? ) and deleted=1 order by order_num DESC 
2020-07-30 16:11:25.836 DEBUG 14600 --- [http-nio-8080-exec-2] c.y.l.m.S.selectInfoByIds                : ==> Parameters: 39313e6a-14ed-4224-a91e-ef6a10ba54cd(String), 290c0240-0914-487c-b4e9-6635bf5ebfec(String), 2ae13993-9501-46d5-8473-fe45fee57f3b(String), 90b3be91-5e9d-42f8-81fb-0c9ef3014faa(String), e136cc74-9817-4ef1-b181-8f1afd7e102c(String), d41c2bc3-454c-4f62-84fe-97825d5cf8a7(String), 2f9a3f67-6ef3-4eac-b9a1-c0e898718d0c(String), 24b7b13c-f00f-4e6b-a221-fe2d780e4d4f(String), 145cb90b-d205-40f6-8a2d-703f41ed1feb(String), 8f393e44-b585-4875-866d-71f88fea9659(String), c198d1cb-ad4d-4001-9375-9ec8ee04053d(String), 84b9b525-aa44-4b16-9900-adca26115a37(String), 9ce621a0-ee2c-4cf6-b7bd-012a1a01ba63(String), 03dc1cbf-ef44-4326-a7dc-10fe16d22dad(String), 013095aa-0f4d-4c32-b30e-229a587e52ad(String), 0545d9d1-c82c-44c2-85e5-0b6ac4042515(String), 27acf73b-2fcb-451b-bdc4-e11e5ab41e2a(String), 346df872-8964-4455-8afd-ffa6308fb18a(String), 65734896-90c5-4b48-b9e8-dee47a74a297(String), 7141c2e9-6d50-46b6-94e8-100466b7249f(String), 2eeaa020-74d5-4c4b-9849-2cf4bd68fed9(String), 390ded0e-9f48-40a7-a841-791c203f22ae(String), b7348d63-c4d3-406d-9e46-543346674275(String), f9f4d9f4-a2f5-430c-9f2d-6c8e650a8c39(String), 47697e92-e199-4420-a2c2-09ec1b08cb9d(String), 4caeb861-354c-45f6-98b4-59f486beb511(String), 15bb6aff-2e3b-490a-a21f-0167ae0ebc0d(String), d60faf3e-9a72-49d5-b02d-a67bfeff07fa(String), bb5ca869-0303-4fc0-b067-936cba7d1cc8(String)
2020-07-30 16:11:25.842 DEBUG 14600 --- [http-nio-8080-exec-2] c.y.l.m.S.selectInfoByIds                : <==      Total: 29
2020-07-30 16:11:25.850 DEBUG 14600 --- [http-nio-8080-exec-2] c.y.l.m.S.selectByPrimaryKey             : ==>  Preparing: select id, username, salt, `password`, phone, dept_id, real_name, nick_name, email, `status`, sex, deleted, create_id, update_id, create_where, create_time, update_time from sys_user where id = ? 
2020-07-30 16:11:25.851 DEBUG 14600 --- [http-nio-8080-exec-2] c.y.l.m.S.selectByPrimaryKey             : ==> Parameters: fcf34b56-a7a2-4719-9236-867495e74c31(String)
2020-07-30 16:11:25.852 DEBUG 14600 --- [http-nio-8080-exec-2] c.y.l.m.S.selectByPrimaryKey             : <==      Total: 1
2020-07-30 16:11:25.859  INFO 14600 --- [http-nio-8080-exec-2] c.y.lesson.aop.aspect.SysLogAspect       : 请求com.yingxue.lesson.controller.HomeController.getHome耗时40毫秒
2020-07-30 16:11:25.883  INFO 14600 --- [http-nio-8080-exec-2] c.y.lesson.aop.aspect.SysLogAspect       : Ip0:0:0:0:0:0:0:1，接口地址http://localhost:8080/api/home，请求方式GET，入参：null
2020-07-30 16:11:25.886  INFO 14600 --- [http-nio-8080-exec-2] c.y.lesson.aop.aspect.SysLogAspect       : SysLog(id=913be107-75e1-44a6-9dd2-faf1c324f32a, userId=fcf34b56-a7a2-4719-9236-867495e74c31, username=admin, operation=首页模块-获取首页数据接口, time=40, method=com.yingxue.lesson.controller.HomeController.getHome(), params=null, ip=0:0:0:0:0:0:0:1, createTime=Thu Jul 30 16:11:25 CST 2020)
2020-07-30 16:11:25.891 DEBUG 14600 --- [http-nio-8080-exec-2] c.y.l.m.SysLogMapper.insertSelective     : ==>  Preparing: insert into sys_log ( id, user_id, username, `operation`, `time`, `method`, ip, create_time ) values ( ?, ?, ?, ?, ?, ?, ?, ? ) 
2020-07-30 16:11:25.902 DEBUG 14600 --- [http-nio-8080-exec-2] c.y.l.m.SysLogMapper.insertSelective     : ==> Parameters: 913be107-75e1-44a6-9dd2-faf1c324f32a(String), fcf34b56-a7a2-4719-9236-867495e74c31(String), admin(String), 首页模块-获取首页数据接口(String), 40(Integer), com.yingxue.lesson.controller.HomeController.getHome()(String), 0:0:0:0:0:0:0:1(String), 2020-07-30 16:11:25.886(Timestamp)
2020-07-30 16:11:25.942 DEBUG 14600 --- [http-nio-8080-exec-2] c.y.l.m.SysLogMapper.insertSelective     : <==    Updates: 1
2020-07-30 16:11:58.573  INFO 14600 --- [http-nio-8080-exec-4] c.y.l.shiro.CustomAccessControlerFilter  : GET
2020-07-30 16:11:58.574  INFO 14600 --- [http-nio-8080-exec-4] c.y.l.shiro.CustomAccessControlerFilter  : http://localhost:8080/api/user/logout
2020-07-30 16:11:58.592  INFO 14600 --- [http-nio-8080-exec-4] c.y.lesson.service.impl.UserServiceImpl  : subject.getPrincipals()=eyJhbGciOiJIUzI1NiJ9.eyJqd3QtcGVybWlzc2lvbnMta2V5XyI6WyJzeXM6dXNlcjpsaXN0Iiwic3lzOmRlcHQ6dXBkYXRlIiwic3lzOnVzZXI6cm9sZTp1cGRhdGUiLCJzeXM6cGVybWlzc2lvbjphZGQiLCJzeXM6dXNlcjphZGQiLCJzeXM6ZGVwdDpkZWxldGUiLCJzeXM6cGVybWlzc2lvbjp1cGRhdGUiLCJzeXM6cm9sZTp1cGRhdGUiLCJzeXM6bG9nOmRlbGV0ZSIsInN5czpyb2xlOmRldGFpbCIsInN5czpkZXB0Omxpc3QiLCJzeXM6dXNlcjpkZWxldGUiLCJzeXM6ZGVwdDphZGQiLCJzeXM6cm9sZTpkZWxldGUiLCJzeXM6cGVybWlzc2lvbjpkZWxldGUiLCJzeXM6dXNlcjp1cGRhdGUiLCJzeXM6cm9sZTpsaXN0Iiwic3lzOnBlcm1pc3Npb246bGlzdCIsInN5czpyb2xlOmFkZCIsInN5czpsb2c6bGlzdCJdLCJzdWIiOiJmY2YzNGI1Ni1hN2EyLTQ3MTktOTIzNi04Njc0OTVlNzRjMzEiLCJqd3Qtcm9sZXMta2V5XyI6WyLotoXnuqfnrqHnkIblkZgiXSwiaXNzIjoieWluZ3h1ZS5jb20iLCJqd3QtdXNlci1uYW1lLWtleSI6ImFkbWluIiwiZXhwIjoxNTk2MTAzODg0LCJpYXQiOjE1OTYwOTY2ODR9.yH3cvPqj5cvx56Sl7IDNKEicm3cE02Tbl8It_tCykos
2020-07-30 16:11:58.593  INFO 14600 --- [http-nio-8080-exec-4] com.yingxue.lesson.shiro.RedisCache      : remove key [eyJhbGciOiJIUzI1NiJ9.eyJqd3QtcGVybWlzc2lvbnMta2V5XyI6WyJzeXM6dXNlcjpsaXN0Iiwic3lzOmRlcHQ6dXBkYXRlIiwic3lzOnVzZXI6cm9sZTp1cGRhdGUiLCJzeXM6cGVybWlzc2lvbjphZGQiLCJzeXM6dXNlcjphZGQiLCJzeXM6ZGVwdDpkZWxldGUiLCJzeXM6cGVybWlzc2lvbjp1cGRhdGUiLCJzeXM6cm9sZTp1cGRhdGUiLCJzeXM6bG9nOmRlbGV0ZSIsInN5czpyb2xlOmRldGFpbCIsInN5czpkZXB0Omxpc3QiLCJzeXM6dXNlcjpkZWxldGUiLCJzeXM6ZGVwdDphZGQiLCJzeXM6cm9sZTpkZWxldGUiLCJzeXM6cGVybWlzc2lvbjpkZWxldGUiLCJzeXM6dXNlcjp1cGRhdGUiLCJzeXM6cm9sZTpsaXN0Iiwic3lzOnBlcm1pc3Npb246bGlzdCIsInN5czpyb2xlOmFkZCIsInN5czpsb2c6bGlzdCJdLCJzdWIiOiJmY2YzNGI1Ni1hN2EyLTQ3MTktOTIzNi04Njc0OTVlNzRjMzEiLCJqd3Qtcm9sZXMta2V5XyI6WyLotoXnuqfnrqHnkIblkZgiXSwiaXNzIjoieWluZ3h1ZS5jb20iLCJqd3QtdXNlci1uYW1lLWtleSI6ImFkbWluIiwiZXhwIjoxNTk2MTAzODg0LCJpYXQiOjE1OTYwOTY2ODR9.yH3cvPqj5cvx56Sl7IDNKEicm3cE02Tbl8It_tCykos]
2020-07-30 16:12:19.062  INFO 14600 --- [http-nio-8080-exec-4] c.y.l.shiro.CustomAccessControlerFilter  : GET
2020-07-30 16:12:19.062  INFO 14600 --- [http-nio-8080-exec-4] c.y.l.shiro.CustomAccessControlerFilter  : http://localhost:8080/api/home
2020-07-30 16:12:19.073  WARN 14600 --- [http-nio-8080-exec-4] o.a.shiro.authc.AbstractAuthenticator    : Authentication failed for token submission [com.yingxue.lesson.shiro.CustomUsernamePasswordToken - null, rememberMe=false].  Possible unexpected error? (Typical or expected login exceptions should extend from AuthenticationException).

com.yingxue.lesson.exception.BusinessException: 用户未登录，请重新登录
	at com.yingxue.lesson.shiro.CustomHashedCredentialsMatcher.doCredentialsMatch(CustomHashedCredentialsMatcher.java:48) ~[classes/:na]
	at org.apache.shiro.realm.AuthenticatingRealm.assertCredentialsMatch(AuthenticatingRealm.java:600) ~[shiro-core-1.4.1.jar:1.4.1]
	at org.apache.shiro.realm.AuthenticatingRealm.getAuthenticationInfo(AuthenticatingRealm.java:581) ~[shiro-core-1.4.1.jar:1.4.1]
	at org.apache.shiro.authc.pam.ModularRealmAuthenticator.doSingleRealmAuthentication(ModularRealmAuthenticator.java:180) ~[shiro-core-1.4.1.jar:1.4.1]
	at org.apache.shiro.authc.pam.ModularRealmAuthenticator.doAuthenticate(ModularRealmAuthenticator.java:267) ~[shiro-core-1.4.1.jar:1.4.1]
	at org.apache.shiro.authc.AbstractAuthenticator.authenticate(AbstractAuthenticator.java:198) ~[shiro-core-1.4.1.jar:1.4.1]
	at org.apache.shiro.mgt.AuthenticatingSecurityManager.authenticate(AuthenticatingSecurityManager.java:106) [shiro-core-1.4.1.jar:1.4.1]
	at org.apache.shiro.mgt.DefaultSecurityManager.login(DefaultSecurityManager.java:275) [shiro-core-1.4.1.jar:1.4.1]
	at org.apache.shiro.subject.support.DelegatingSubject.login(DelegatingSubject.java:260) [shiro-core-1.4.1.jar:1.4.1]
	at com.yingxue.lesson.shiro.CustomAccessControlerFilter.onAccessDenied(CustomAccessControlerFilter.java:45) [classes/:na]
	at org.apache.shiro.web.filter.AccessControlFilter.onAccessDenied(AccessControlFilter.java:133) [shiro-web-1.4.1.jar:1.4.1]
	at org.apache.shiro.web.filter.AccessControlFilter.onPreHandle(AccessControlFilter.java:162) [shiro-web-1.4.1.jar:1.4.1]
	at org.apache.shiro.web.filter.PathMatchingFilter.isFilterChainContinued(PathMatchingFilter.java:203) [shiro-web-1.4.1.jar:1.4.1]
	at org.apache.shiro.web.filter.PathMatchingFilter.preHandle(PathMatchingFilter.java:178) [shiro-web-1.4.1.jar:1.4.1]
	at org.apache.shiro.web.servlet.AdviceFilter.doFilterInternal(AdviceFilter.java:131) [shiro-web-1.4.1.jar:1.4.1]
	at org.apache.shiro.web.servlet.OncePerRequestFilter.doFilter(OncePerRequestFilter.java:125) [shiro-web-1.4.1.jar:1.4.1]
	at org.apache.shiro.web.servlet.ProxiedFilterChain.doFilter(ProxiedFilterChain.java:66) [shiro-web-1.4.1.jar:1.4.1]
	at org.apache.shiro.web.servlet.AbstractShiroFilter.executeChain(AbstractShiroFilter.java:449) [shiro-web-1.4.1.jar:1.4.1]
	at org.apache.shiro.web.servlet.AbstractShiroFilter$1.call(AbstractShiroFilter.java:365) [shiro-web-1.4.1.jar:1.4.1]
	at org.apache.shiro.subject.support.SubjectCallable.doCall(SubjectCallable.java:90) [shiro-core-1.4.1.jar:1.4.1]
	at org.apache.shiro.subject.support.SubjectCallable.call(SubjectCallable.java:83) [shiro-core-1.4.1.jar:1.4.1]
	at org.apache.shiro.subject.support.DelegatingSubject.execute(DelegatingSubject.java:387) [shiro-core-1.4.1.jar:1.4.1]
	at org.apache.shiro.web.servlet.AbstractShiroFilter.doFilterInternal(AbstractShiroFilter.java:362) [shiro-web-1.4.1.jar:1.4.1]
	at org.apache.shiro.web.servlet.OncePerRequestFilter.doFilter(OncePerRequestFilter.java:125) [shiro-web-1.4.1.jar:1.4.1]
	at org.apache.catalina.core.ApplicationFilterChain.internalDoFilter(ApplicationFilterChain.java:193) [tomcat-embed-core-9.0.21.jar:9.0.21]
	at org.apache.catalina.core.ApplicationFilterChain.doFilter(ApplicationFilterChain.java:166) [tomcat-embed-core-9.0.21.jar:9.0.21]
	at com.alibaba.druid.support.http.WebStatFilter.doFilter(WebStatFilter.java:123) [druid-1.1.10.jar:1.1.10]
	at org.apache.catalina.core.ApplicationFilterChain.internalDoFilter(ApplicationFilterChain.java:193) [tomcat-embed-core-9.0.21.jar:9.0.21]
	at org.apache.catalina.core.ApplicationFilterChain.doFilter(ApplicationFilterChain.java:166) [tomcat-embed-core-9.0.21.jar:9.0.21]
	at org.springframework.web.filter.RequestContextFilter.doFilterInternal(RequestContextFilter.java:99) [spring-web-5.1.8.RELEASE.jar:5.1.8.RELEASE]
	at org.springframework.web.filter.OncePerRequestFilter.doFilter(OncePerRequestFilter.java:109) [spring-web-5.1.8.RELEASE.jar:5.1.8.RELEASE]
	at org.apache.catalina.core.ApplicationFilterChain.internalDoFilter(ApplicationFilterChain.java:193) [tomcat-embed-core-9.0.21.jar:9.0.21]
	at org.apache.catalina.core.ApplicationFilterChain.doFilter(ApplicationFilterChain.java:166) [tomcat-embed-core-9.0.21.jar:9.0.21]
	at org.springframework.web.filter.FormContentFilter.doFilterInternal(FormContentFilter.java:92) [spring-web-5.1.8.RELEASE.jar:5.1.8.RELEASE]
	at org.springframework.web.filter.OncePerRequestFilter.doFilter(OncePerRequestFilter.java:109) [spring-web-5.1.8.RELEASE.jar:5.1.8.RELEASE]
	at org.apache.catalina.core.ApplicationFilterChain.internalDoFilter(ApplicationFilterChain.java:193) [tomcat-embed-core-9.0.21.jar:9.0.21]
	at org.apache.catalina.core.ApplicationFilterChain.doFilter(ApplicationFilterChain.java:166) [tomcat-embed-core-9.0.21.jar:9.0.21]
	at org.springframework.web.filter.HiddenHttpMethodFilter.doFilterInternal(HiddenHttpMethodFilter.java:93) [spring-web-5.1.8.RELEASE.jar:5.1.8.RELEASE]
	at org.springframework.web.filter.OncePerRequestFilter.doFilter(OncePerRequestFilter.java:109) [spring-web-5.1.8.RELEASE.jar:5.1.8.RELEASE]
	at org.apache.catalina.core.ApplicationFilterChain.internalDoFilter(ApplicationFilterChain.java:193) [tomcat-embed-core-9.0.21.jar:9.0.21]
	at org.apache.catalina.core.ApplicationFilterChain.doFilter(ApplicationFilterChain.java:166) [tomcat-embed-core-9.0.21.jar:9.0.21]
	at org.springframework.web.filter.CharacterEncodingFilter.doFilterInternal(CharacterEncodingFilter.java:200) [spring-web-5.1.8.RELEASE.jar:5.1.8.RELEASE]
	at org.springframework.web.filter.OncePerRequestFilter.doFilter(OncePerRequestFilter.java:109) [spring-web-5.1.8.RELEASE.jar:5.1.8.RELEASE]
	at org.apache.catalina.core.ApplicationFilterChain.internalDoFilter(ApplicationFilterChain.java:193) [tomcat-embed-core-9.0.21.jar:9.0.21]
	at org.apache.catalina.core.ApplicationFilterChain.doFilter(ApplicationFilterChain.java:166) [tomcat-embed-core-9.0.21.jar:9.0.21]
	at org.apache.catalina.core.StandardWrapperValve.invoke(StandardWrapperValve.java:202) [tomcat-embed-core-9.0.21.jar:9.0.21]
	at org.apache.catalina.core.StandardContextValve.invoke(StandardContextValve.java:96) [tomcat-embed-core-9.0.21.jar:9.0.21]
	at org.apache.catalina.authenticator.AuthenticatorBase.invoke(AuthenticatorBase.java:490) [tomcat-embed-core-9.0.21.jar:9.0.21]
	at org.apache.catalina.core.StandardHostValve.invoke(StandardHostValve.java:139) [tomcat-embed-core-9.0.21.jar:9.0.21]
	at org.apache.catalina.valves.ErrorReportValve.invoke(ErrorReportValve.java:92) [tomcat-embed-core-9.0.21.jar:9.0.21]
	at org.apache.catalina.core.StandardEngineValve.invoke(StandardEngineValve.java:74) [tomcat-embed-core-9.0.21.jar:9.0.21]
	at org.apache.catalina.connector.CoyoteAdapter.service(CoyoteAdapter.java:343) [tomcat-embed-core-9.0.21.jar:9.0.21]
	at org.apache.coyote.http11.Http11Processor.service(Http11Processor.java:408) [tomcat-embed-core-9.0.21.jar:9.0.21]
	at org.apache.coyote.AbstractProcessorLight.process(AbstractProcessorLight.java:66) [tomcat-embed-core-9.0.21.jar:9.0.21]
	at org.apache.coyote.AbstractProtocol$ConnectionHandler.process(AbstractProtocol.java:853) [tomcat-embed-core-9.0.21.jar:9.0.21]
	at org.apache.tomcat.util.net.NioEndpoint$SocketProcessor.doRun(NioEndpoint.java:1587) [tomcat-embed-core-9.0.21.jar:9.0.21]
	at org.apache.tomcat.util.net.SocketProcessorBase.run(SocketProcessorBase.java:49) [tomcat-embed-core-9.0.21.jar:9.0.21]
	at java.util.concurrent.ThreadPoolExecutor.runWorker(ThreadPoolExecutor.java:1149) [na:1.8.0_162]
	at java.util.concurrent.ThreadPoolExecutor$Worker.run(ThreadPoolExecutor.java:624) [na:1.8.0_162]
	at org.apache.tomcat.util.threads.TaskThread$WrappingRunnable.run(TaskThread.java:61) [tomcat-embed-core-9.0.21.jar:9.0.21]
	at java.lang.Thread.run(Thread.java:748) [na:1.8.0_162]

2020-07-30 16:17:53.634 DEBUG 14600 --- [http-nio-8080-exec-5] c.y.l.m.SysUserMapper.getUserInfoByName  : ==>  Preparing: select id, username, salt, `password`, phone, dept_id, real_name, nick_name, email, `status`, sex, deleted, create_id, update_id, create_where, create_time, update_time from sys_user where deleted=1 and username=? 
2020-07-30 16:17:53.635 DEBUG 14600 --- [http-nio-8080-exec-5] c.y.l.m.SysUserMapper.getUserInfoByName  : ==> Parameters: admin(String)
2020-07-30 16:17:53.638 DEBUG 14600 --- [http-nio-8080-exec-5] c.y.l.m.SysUserMapper.getUserInfoByName  : <==      Total: 1
2020-07-30 16:17:53.639 DEBUG 14600 --- [http-nio-8080-exec-5] c.y.l.m.S.getRoleIdsByUserId             : ==>  Preparing: select role_id from sys_user_role where user_id=? 
2020-07-30 16:17:53.639 DEBUG 14600 --- [http-nio-8080-exec-5] c.y.l.m.S.getRoleIdsByUserId             : ==> Parameters: fcf34b56-a7a2-4719-9236-867495e74c31(String)
2020-07-30 16:17:53.640 DEBUG 14600 --- [http-nio-8080-exec-5] c.y.l.m.S.getRoleIdsByUserId             : <==      Total: 1
2020-07-30 16:17:53.642 DEBUG 14600 --- [http-nio-8080-exec-5] c.y.l.m.SysRoleMapper.getRoleInfoByIds   : ==>  Preparing: select id, `name`, description, `status`, create_time, update_time, deleted from sys_role where id in ( ? ) and deleted=1 
2020-07-30 16:17:53.642 DEBUG 14600 --- [http-nio-8080-exec-5] c.y.l.m.SysRoleMapper.getRoleInfoByIds   : ==> Parameters: b125dbb8-459e-409f-bd1f-d17966568eda(String)
2020-07-30 16:17:53.643 DEBUG 14600 --- [http-nio-8080-exec-5] c.y.l.m.SysRoleMapper.getRoleInfoByIds   : <==      Total: 1
2020-07-30 16:17:53.644 DEBUG 14600 --- [http-nio-8080-exec-5] c.y.l.m.S.getRoleIdsByUserId             : ==>  Preparing: select role_id from sys_user_role where user_id=? 
2020-07-30 16:17:53.644 DEBUG 14600 --- [http-nio-8080-exec-5] c.y.l.m.S.getRoleIdsByUserId             : ==> Parameters: fcf34b56-a7a2-4719-9236-867495e74c31(String)
2020-07-30 16:17:53.645 DEBUG 14600 --- [http-nio-8080-exec-5] c.y.l.m.S.getRoleIdsByUserId             : <==      Total: 1
2020-07-30 16:17:53.646 DEBUG 14600 --- [http-nio-8080-exec-5] c.y.l.m.S.getPermissionIdsByRoles        : ==>  Preparing: SELECT permission_id from sys_role_permission where role_id in ( ? ) 
2020-07-30 16:17:53.646 DEBUG 14600 --- [http-nio-8080-exec-5] c.y.l.m.S.getPermissionIdsByRoles        : ==> Parameters: b125dbb8-459e-409f-bd1f-d17966568eda(String)
2020-07-30 16:17:53.647 DEBUG 14600 --- [http-nio-8080-exec-5] c.y.l.m.S.getPermissionIdsByRoles        : <==      Total: 29
2020-07-30 16:17:53.649 DEBUG 14600 --- [http-nio-8080-exec-5] c.y.l.m.S.selectInfoByIds                : ==>  Preparing: select id, code, `name`, perms, url, `method`, pid, order_num, `type`, `status`, create_time, update_time, deleted from sys_permission where id in ( ? , ? , ? , ? , ? , ? , ? , ? , ? , ? , ? , ? , ? , ? , ? , ? , ? , ? , ? , ? , ? , ? , ? , ? , ? , ? , ? , ? , ? ) and deleted=1 order by order_num DESC 
2020-07-30 16:17:53.650 DEBUG 14600 --- [http-nio-8080-exec-5] c.y.l.m.S.selectInfoByIds                : ==> Parameters: 39313e6a-14ed-4224-a91e-ef6a10ba54cd(String), 290c0240-0914-487c-b4e9-6635bf5ebfec(String), 2ae13993-9501-46d5-8473-fe45fee57f3b(String), 90b3be91-5e9d-42f8-81fb-0c9ef3014faa(String), e136cc74-9817-4ef1-b181-8f1afd7e102c(String), d41c2bc3-454c-4f62-84fe-97825d5cf8a7(String), 2f9a3f67-6ef3-4eac-b9a1-c0e898718d0c(String), 24b7b13c-f00f-4e6b-a221-fe2d780e4d4f(String), 145cb90b-d205-40f6-8a2d-703f41ed1feb(String), 8f393e44-b585-4875-866d-71f88fea9659(String), c198d1cb-ad4d-4001-9375-9ec8ee04053d(String), 84b9b525-aa44-4b16-9900-adca26115a37(String), 9ce621a0-ee2c-4cf6-b7bd-012a1a01ba63(String), 03dc1cbf-ef44-4326-a7dc-10fe16d22dad(String), 013095aa-0f4d-4c32-b30e-229a587e52ad(String), 0545d9d1-c82c-44c2-85e5-0b6ac4042515(String), 27acf73b-2fcb-451b-bdc4-e11e5ab41e2a(String), 346df872-8964-4455-8afd-ffa6308fb18a(String), 65734896-90c5-4b48-b9e8-dee47a74a297(String), 7141c2e9-6d50-46b6-94e8-100466b7249f(String), 2eeaa020-74d5-4c4b-9849-2cf4bd68fed9(String), 390ded0e-9f48-40a7-a841-791c203f22ae(String), b7348d63-c4d3-406d-9e46-543346674275(String), f9f4d9f4-a2f5-430c-9f2d-6c8e650a8c39(String), 47697e92-e199-4420-a2c2-09ec1b08cb9d(String), 4caeb861-354c-45f6-98b4-59f486beb511(String), 15bb6aff-2e3b-490a-a21f-0167ae0ebc0d(String), d60faf3e-9a72-49d5-b02d-a67bfeff07fa(String), bb5ca869-0303-4fc0-b067-936cba7d1cc8(String)
2020-07-30 16:17:53.660 DEBUG 14600 --- [http-nio-8080-exec-5] c.y.l.m.S.selectInfoByIds                : <==      Total: 29
2020-07-30 16:17:54.077  INFO 14600 --- [http-nio-8080-exec-2] c.y.l.shiro.CustomAccessControlerFilter  : GET
2020-07-30 16:17:54.077  INFO 14600 --- [http-nio-8080-exec-2] c.y.l.shiro.CustomAccessControlerFilter  : http://localhost:8080/api/home
2020-07-30 16:17:54.097 DEBUG 14600 --- [http-nio-8080-exec-2] c.y.l.m.S.getRoleIdsByUserId             : ==>  Preparing: select role_id from sys_user_role where user_id=? 
2020-07-30 16:17:54.097 DEBUG 14600 --- [http-nio-8080-exec-2] c.y.l.m.S.getRoleIdsByUserId             : ==> Parameters: fcf34b56-a7a2-4719-9236-867495e74c31(String)
2020-07-30 16:17:54.098 DEBUG 14600 --- [http-nio-8080-exec-2] c.y.l.m.S.getRoleIdsByUserId             : <==      Total: 1
2020-07-30 16:17:54.099 DEBUG 14600 --- [http-nio-8080-exec-2] c.y.l.m.S.getPermissionIdsByRoles        : ==>  Preparing: SELECT permission_id from sys_role_permission where role_id in ( ? ) 
2020-07-30 16:17:54.099 DEBUG 14600 --- [http-nio-8080-exec-2] c.y.l.m.S.getPermissionIdsByRoles        : ==> Parameters: b125dbb8-459e-409f-bd1f-d17966568eda(String)
2020-07-30 16:17:54.100 DEBUG 14600 --- [http-nio-8080-exec-2] c.y.l.m.S.getPermissionIdsByRoles        : <==      Total: 29
2020-07-30 16:17:54.102 DEBUG 14600 --- [http-nio-8080-exec-2] c.y.l.m.S.selectInfoByIds                : ==>  Preparing: select id, code, `name`, perms, url, `method`, pid, order_num, `type`, `status`, create_time, update_time, deleted from sys_permission where id in ( ? , ? , ? , ? , ? , ? , ? , ? , ? , ? , ? , ? , ? , ? , ? , ? , ? , ? , ? , ? , ? , ? , ? , ? , ? , ? , ? , ? , ? ) and deleted=1 order by order_num DESC 
2020-07-30 16:17:54.104 DEBUG 14600 --- [http-nio-8080-exec-2] c.y.l.m.S.selectInfoByIds                : ==> Parameters: 39313e6a-14ed-4224-a91e-ef6a10ba54cd(String), 290c0240-0914-487c-b4e9-6635bf5ebfec(String), 2ae13993-9501-46d5-8473-fe45fee57f3b(String), 90b3be91-5e9d-42f8-81fb-0c9ef3014faa(String), e136cc74-9817-4ef1-b181-8f1afd7e102c(String), d41c2bc3-454c-4f62-84fe-97825d5cf8a7(String), 2f9a3f67-6ef3-4eac-b9a1-c0e898718d0c(String), 24b7b13c-f00f-4e6b-a221-fe2d780e4d4f(String), 145cb90b-d205-40f6-8a2d-703f41ed1feb(String), 8f393e44-b585-4875-866d-71f88fea9659(String), c198d1cb-ad4d-4001-9375-9ec8ee04053d(String), 84b9b525-aa44-4b16-9900-adca26115a37(String), 9ce621a0-ee2c-4cf6-b7bd-012a1a01ba63(String), 03dc1cbf-ef44-4326-a7dc-10fe16d22dad(String), 013095aa-0f4d-4c32-b30e-229a587e52ad(String), 0545d9d1-c82c-44c2-85e5-0b6ac4042515(String), 27acf73b-2fcb-451b-bdc4-e11e5ab41e2a(String), 346df872-8964-4455-8afd-ffa6308fb18a(String), 65734896-90c5-4b48-b9e8-dee47a74a297(String), 7141c2e9-6d50-46b6-94e8-100466b7249f(String), 2eeaa020-74d5-4c4b-9849-2cf4bd68fed9(String), 390ded0e-9f48-40a7-a841-791c203f22ae(String), b7348d63-c4d3-406d-9e46-543346674275(String), f9f4d9f4-a2f5-430c-9f2d-6c8e650a8c39(String), 47697e92-e199-4420-a2c2-09ec1b08cb9d(String), 4caeb861-354c-45f6-98b4-59f486beb511(String), 15bb6aff-2e3b-490a-a21f-0167ae0ebc0d(String), d60faf3e-9a72-49d5-b02d-a67bfeff07fa(String), bb5ca869-0303-4fc0-b067-936cba7d1cc8(String)
2020-07-30 16:17:54.116 DEBUG 14600 --- [http-nio-8080-exec-2] c.y.l.m.S.selectInfoByIds                : <==      Total: 29
2020-07-30 16:17:54.121 DEBUG 14600 --- [http-nio-8080-exec-2] c.y.l.m.S.selectByPrimaryKey             : ==>  Preparing: select id, username, salt, `password`, phone, dept_id, real_name, nick_name, email, `status`, sex, deleted, create_id, update_id, create_where, create_time, update_time from sys_user where id = ? 
2020-07-30 16:17:54.122 DEBUG 14600 --- [http-nio-8080-exec-2] c.y.l.m.S.selectByPrimaryKey             : ==> Parameters: fcf34b56-a7a2-4719-9236-867495e74c31(String)
2020-07-30 16:17:54.125 DEBUG 14600 --- [http-nio-8080-exec-2] c.y.l.m.S.selectByPrimaryKey             : <==      Total: 1
2020-07-30 16:17:54.126  INFO 14600 --- [http-nio-8080-exec-2] c.y.lesson.aop.aspect.SysLogAspect       : 请求com.yingxue.lesson.controller.HomeController.getHome耗时30毫秒
2020-07-30 16:17:54.126  INFO 14600 --- [http-nio-8080-exec-2] c.y.lesson.aop.aspect.SysLogAspect       : Ip0:0:0:0:0:0:0:1，接口地址http://localhost:8080/api/home，请求方式GET，入参：null
2020-07-30 16:17:54.128  INFO 14600 --- [http-nio-8080-exec-2] c.y.lesson.aop.aspect.SysLogAspect       : SysLog(id=f5071645-22ed-4299-9241-4b31fffd4ac3, userId=fcf34b56-a7a2-4719-9236-867495e74c31, username=admin, operation=首页模块-获取首页数据接口, time=30, method=com.yingxue.lesson.controller.HomeController.getHome(), params=null, ip=0:0:0:0:0:0:0:1, createTime=Thu Jul 30 16:17:54 CST 2020)
2020-07-30 16:17:54.129 DEBUG 14600 --- [http-nio-8080-exec-2] c.y.l.m.SysLogMapper.insertSelective     : ==>  Preparing: insert into sys_log ( id, user_id, username, `operation`, `time`, `method`, ip, create_time ) values ( ?, ?, ?, ?, ?, ?, ?, ? ) 
2020-07-30 16:17:54.129 DEBUG 14600 --- [http-nio-8080-exec-2] c.y.l.m.SysLogMapper.insertSelective     : ==> Parameters: f5071645-22ed-4299-9241-4b31fffd4ac3(String), fcf34b56-a7a2-4719-9236-867495e74c31(String), admin(String), 首页模块-获取首页数据接口(String), 30(Integer), com.yingxue.lesson.controller.HomeController.getHome()(String), 0:0:0:0:0:0:0:1(String), 2020-07-30 16:17:54.128(Timestamp)
2020-07-30 16:17:54.159 DEBUG 14600 --- [http-nio-8080-exec-2] c.y.l.m.SysLogMapper.insertSelective     : <==    Updates: 1
2020-07-30 16:20:17.884  INFO 14600 --- [http-nio-8080-exec-1] c.y.l.shiro.CustomAccessControlerFilter  : GET
2020-07-30 16:20:17.885  INFO 14600 --- [http-nio-8080-exec-1] c.y.l.shiro.CustomAccessControlerFilter  : http://localhost:8080/api/user/logout
2020-07-30 16:20:17.895  INFO 14600 --- [http-nio-8080-exec-1] c.y.lesson.service.impl.UserServiceImpl  : subject.getPrincipals()=eyJhbGciOiJIUzI1NiJ9.eyJqd3QtcGVybWlzc2lvbnMta2V5XyI6WyJzeXM6dXNlcjpsaXN0Iiwic3lzOmRlcHQ6dXBkYXRlIiwic3lzOnVzZXI6cm9sZTp1cGRhdGUiLCJzeXM6cGVybWlzc2lvbjphZGQiLCJzeXM6dXNlcjphZGQiLCJzeXM6ZGVwdDpkZWxldGUiLCJzeXM6cGVybWlzc2lvbjp1cGRhdGUiLCJzeXM6cm9sZTp1cGRhdGUiLCJzeXM6bG9nOmRlbGV0ZSIsInN5czpyb2xlOmRldGFpbCIsInN5czpkZXB0Omxpc3QiLCJzeXM6dXNlcjpkZWxldGUiLCJzeXM6ZGVwdDphZGQiLCJzeXM6cm9sZTpkZWxldGUiLCJzeXM6cGVybWlzc2lvbjpkZWxldGUiLCJzeXM6dXNlcjp1cGRhdGUiLCJzeXM6cm9sZTpsaXN0Iiwic3lzOnBlcm1pc3Npb246bGlzdCIsInN5czpyb2xlOmFkZCIsInN5czpsb2c6bGlzdCJdLCJzdWIiOiJmY2YzNGI1Ni1hN2EyLTQ3MTktOTIzNi04Njc0OTVlNzRjMzEiLCJqd3Qtcm9sZXMta2V5XyI6WyLotoXnuqfnrqHnkIblkZgiXSwiaXNzIjoieWluZ3h1ZS5jb20iLCJqd3QtdXNlci1uYW1lLWtleSI6ImFkbWluIiwiZXhwIjoxNTk2MTA0MjczLCJpYXQiOjE1OTYwOTcwNzN9.a69ZANXLf-PjSFwnZpMHnAfBtMxPp3xW3_aDTCHmY80
2020-07-30 16:20:17.895  INFO 14600 --- [http-nio-8080-exec-1] com.yingxue.lesson.shiro.RedisCache      : remove key [eyJhbGciOiJIUzI1NiJ9.eyJqd3QtcGVybWlzc2lvbnMta2V5XyI6WyJzeXM6dXNlcjpsaXN0Iiwic3lzOmRlcHQ6dXBkYXRlIiwic3lzOnVzZXI6cm9sZTp1cGRhdGUiLCJzeXM6cGVybWlzc2lvbjphZGQiLCJzeXM6dXNlcjphZGQiLCJzeXM6ZGVwdDpkZWxldGUiLCJzeXM6cGVybWlzc2lvbjp1cGRhdGUiLCJzeXM6cm9sZTp1cGRhdGUiLCJzeXM6bG9nOmRlbGV0ZSIsInN5czpyb2xlOmRldGFpbCIsInN5czpkZXB0Omxpc3QiLCJzeXM6dXNlcjpkZWxldGUiLCJzeXM6ZGVwdDphZGQiLCJzeXM6cm9sZTpkZWxldGUiLCJzeXM6cGVybWlzc2lvbjpkZWxldGUiLCJzeXM6dXNlcjp1cGRhdGUiLCJzeXM6cm9sZTpsaXN0Iiwic3lzOnBlcm1pc3Npb246bGlzdCIsInN5czpyb2xlOmFkZCIsInN5czpsb2c6bGlzdCJdLCJzdWIiOiJmY2YzNGI1Ni1hN2EyLTQ3MTktOTIzNi04Njc0OTVlNzRjMzEiLCJqd3Qtcm9sZXMta2V5XyI6WyLotoXnuqfnrqHnkIblkZgiXSwiaXNzIjoieWluZ3h1ZS5jb20iLCJqd3QtdXNlci1uYW1lLWtleSI6ImFkbWluIiwiZXhwIjoxNTk2MTA0MjczLCJpYXQiOjE1OTYwOTcwNzN9.a69ZANXLf-PjSFwnZpMHnAfBtMxPp3xW3_aDTCHmY80]
2020-07-30 16:20:22.348 DEBUG 14600 --- [http-nio-8080-exec-6] c.y.l.m.SysUserMapper.getUserInfoByName  : ==>  Preparing: select id, username, salt, `password`, phone, dept_id, real_name, nick_name, email, `status`, sex, deleted, create_id, update_id, create_where, create_time, update_time from sys_user where deleted=1 and username=? 
2020-07-30 16:20:22.349 DEBUG 14600 --- [http-nio-8080-exec-6] c.y.l.m.SysUserMapper.getUserInfoByName  : ==> Parameters: admin(String)
2020-07-30 16:20:22.350 DEBUG 14600 --- [http-nio-8080-exec-6] c.y.l.m.SysUserMapper.getUserInfoByName  : <==      Total: 1
2020-07-30 16:20:22.351 DEBUG 14600 --- [http-nio-8080-exec-6] c.y.l.m.S.getRoleIdsByUserId             : ==>  Preparing: select role_id from sys_user_role where user_id=? 
2020-07-30 16:20:22.351 DEBUG 14600 --- [http-nio-8080-exec-6] c.y.l.m.S.getRoleIdsByUserId             : ==> Parameters: fcf34b56-a7a2-4719-9236-867495e74c31(String)
2020-07-30 16:20:22.352 DEBUG 14600 --- [http-nio-8080-exec-6] c.y.l.m.S.getRoleIdsByUserId             : <==      Total: 1
2020-07-30 16:20:22.352 DEBUG 14600 --- [http-nio-8080-exec-6] c.y.l.m.SysRoleMapper.getRoleInfoByIds   : ==>  Preparing: select id, `name`, description, `status`, create_time, update_time, deleted from sys_role where id in ( ? ) and deleted=1 
2020-07-30 16:20:22.352 DEBUG 14600 --- [http-nio-8080-exec-6] c.y.l.m.SysRoleMapper.getRoleInfoByIds   : ==> Parameters: b125dbb8-459e-409f-bd1f-d17966568eda(String)
2020-07-30 16:20:22.353 DEBUG 14600 --- [http-nio-8080-exec-6] c.y.l.m.SysRoleMapper.getRoleInfoByIds   : <==      Total: 1
2020-07-30 16:20:22.354 DEBUG 14600 --- [http-nio-8080-exec-6] c.y.l.m.S.getRoleIdsByUserId             : ==>  Preparing: select role_id from sys_user_role where user_id=? 
2020-07-30 16:20:22.354 DEBUG 14600 --- [http-nio-8080-exec-6] c.y.l.m.S.getRoleIdsByUserId             : ==> Parameters: fcf34b56-a7a2-4719-9236-867495e74c31(String)
2020-07-30 16:20:22.354 DEBUG 14600 --- [http-nio-8080-exec-6] c.y.l.m.S.getRoleIdsByUserId             : <==      Total: 1
2020-07-30 16:20:22.355 DEBUG 14600 --- [http-nio-8080-exec-6] c.y.l.m.S.getPermissionIdsByRoles        : ==>  Preparing: SELECT permission_id from sys_role_permission where role_id in ( ? ) 
2020-07-30 16:20:22.355 DEBUG 14600 --- [http-nio-8080-exec-6] c.y.l.m.S.getPermissionIdsByRoles        : ==> Parameters: b125dbb8-459e-409f-bd1f-d17966568eda(String)
2020-07-30 16:20:22.356 DEBUG 14600 --- [http-nio-8080-exec-6] c.y.l.m.S.getPermissionIdsByRoles        : <==      Total: 29
2020-07-30 16:20:22.358 DEBUG 14600 --- [http-nio-8080-exec-6] c.y.l.m.S.selectInfoByIds                : ==>  Preparing: select id, code, `name`, perms, url, `method`, pid, order_num, `type`, `status`, create_time, update_time, deleted from sys_permission where id in ( ? , ? , ? , ? , ? , ? , ? , ? , ? , ? , ? , ? , ? , ? , ? , ? , ? , ? , ? , ? , ? , ? , ? , ? , ? , ? , ? , ? , ? ) and deleted=1 order by order_num DESC 
2020-07-30 16:20:22.358 DEBUG 14600 --- [http-nio-8080-exec-6] c.y.l.m.S.selectInfoByIds                : ==> Parameters: 39313e6a-14ed-4224-a91e-ef6a10ba54cd(String), 290c0240-0914-487c-b4e9-6635bf5ebfec(String), 2ae13993-9501-46d5-8473-fe45fee57f3b(String), 90b3be91-5e9d-42f8-81fb-0c9ef3014faa(String), e136cc74-9817-4ef1-b181-8f1afd7e102c(String), d41c2bc3-454c-4f62-84fe-97825d5cf8a7(String), 2f9a3f67-6ef3-4eac-b9a1-c0e898718d0c(String), 24b7b13c-f00f-4e6b-a221-fe2d780e4d4f(String), 145cb90b-d205-40f6-8a2d-703f41ed1feb(String), 8f393e44-b585-4875-866d-71f88fea9659(String), c198d1cb-ad4d-4001-9375-9ec8ee04053d(String), 84b9b525-aa44-4b16-9900-adca26115a37(String), 9ce621a0-ee2c-4cf6-b7bd-012a1a01ba63(String), 03dc1cbf-ef44-4326-a7dc-10fe16d22dad(String), 013095aa-0f4d-4c32-b30e-229a587e52ad(String), 0545d9d1-c82c-44c2-85e5-0b6ac4042515(String), 27acf73b-2fcb-451b-bdc4-e11e5ab41e2a(String), 346df872-8964-4455-8afd-ffa6308fb18a(String), 65734896-90c5-4b48-b9e8-dee47a74a297(String), 7141c2e9-6d50-46b6-94e8-100466b7249f(String), 2eeaa020-74d5-4c4b-9849-2cf4bd68fed9(String), 390ded0e-9f48-40a7-a841-791c203f22ae(String), b7348d63-c4d3-406d-9e46-543346674275(String), f9f4d9f4-a2f5-430c-9f2d-6c8e650a8c39(String), 47697e92-e199-4420-a2c2-09ec1b08cb9d(String), 4caeb861-354c-45f6-98b4-59f486beb511(String), 15bb6aff-2e3b-490a-a21f-0167ae0ebc0d(String), d60faf3e-9a72-49d5-b02d-a67bfeff07fa(String), bb5ca869-0303-4fc0-b067-936cba7d1cc8(String)
2020-07-30 16:20:22.365 DEBUG 14600 --- [http-nio-8080-exec-6] c.y.l.m.S.selectInfoByIds                : <==      Total: 29
2020-07-30 16:22:09.404  INFO 14600 --- [http-nio-8080-exec-7] c.y.l.shiro.CustomAccessControlerFilter  : GET
2020-07-30 16:22:09.404  INFO 14600 --- [http-nio-8080-exec-7] c.y.l.shiro.CustomAccessControlerFilter  : http://localhost:8080/api/user/logout
2020-07-30 16:22:09.426  INFO 14600 --- [http-nio-8080-exec-7] c.y.lesson.service.impl.UserServiceImpl  : subject.getPrincipals()=eyJhbGciOiJIUzI1NiJ9.eyJqd3QtcGVybWlzc2lvbnMta2V5XyI6WyJzeXM6dXNlcjpsaXN0Iiwic3lzOmRlcHQ6dXBkYXRlIiwic3lzOnVzZXI6cm9sZTp1cGRhdGUiLCJzeXM6cGVybWlzc2lvbjphZGQiLCJzeXM6dXNlcjphZGQiLCJzeXM6ZGVwdDpkZWxldGUiLCJzeXM6cGVybWlzc2lvbjp1cGRhdGUiLCJzeXM6cm9sZTp1cGRhdGUiLCJzeXM6bG9nOmRlbGV0ZSIsInN5czpyb2xlOmRldGFpbCIsInN5czpkZXB0Omxpc3QiLCJzeXM6dXNlcjpkZWxldGUiLCJzeXM6ZGVwdDphZGQiLCJzeXM6cm9sZTpkZWxldGUiLCJzeXM6cGVybWlzc2lvbjpkZWxldGUiLCJzeXM6dXNlcjp1cGRhdGUiLCJzeXM6cm9sZTpsaXN0Iiwic3lzOnBlcm1pc3Npb246bGlzdCIsInN5czpyb2xlOmFkZCIsInN5czpsb2c6bGlzdCJdLCJzdWIiOiJmY2YzNGI1Ni1hN2EyLTQ3MTktOTIzNi04Njc0OTVlNzRjMzEiLCJqd3Qtcm9sZXMta2V5XyI6WyLotoXnuqfnrqHnkIblkZgiXSwiaXNzIjoieWluZ3h1ZS5jb20iLCJqd3QtdXNlci1uYW1lLWtleSI6ImFkbWluIiwiZXhwIjoxNTk2MTA0NDIyLCJpYXQiOjE1OTYwOTcyMjJ9.axtKKMY_NeJqbLM3z14hw5a2nWg0pDjdj_6k-r_GdgQ
2020-07-30 16:22:09.426  INFO 14600 --- [http-nio-8080-exec-7] com.yingxue.lesson.shiro.RedisCache      : remove key [eyJhbGciOiJIUzI1NiJ9.eyJqd3QtcGVybWlzc2lvbnMta2V5XyI6WyJzeXM6dXNlcjpsaXN0Iiwic3lzOmRlcHQ6dXBkYXRlIiwic3lzOnVzZXI6cm9sZTp1cGRhdGUiLCJzeXM6cGVybWlzc2lvbjphZGQiLCJzeXM6dXNlcjphZGQiLCJzeXM6ZGVwdDpkZWxldGUiLCJzeXM6cGVybWlzc2lvbjp1cGRhdGUiLCJzeXM6cm9sZTp1cGRhdGUiLCJzeXM6bG9nOmRlbGV0ZSIsInN5czpyb2xlOmRldGFpbCIsInN5czpkZXB0Omxpc3QiLCJzeXM6dXNlcjpkZWxldGUiLCJzeXM6ZGVwdDphZGQiLCJzeXM6cm9sZTpkZWxldGUiLCJzeXM6cGVybWlzc2lvbjpkZWxldGUiLCJzeXM6dXNlcjp1cGRhdGUiLCJzeXM6cm9sZTpsaXN0Iiwic3lzOnBlcm1pc3Npb246bGlzdCIsInN5czpyb2xlOmFkZCIsInN5czpsb2c6bGlzdCJdLCJzdWIiOiJmY2YzNGI1Ni1hN2EyLTQ3MTktOTIzNi04Njc0OTVlNzRjMzEiLCJqd3Qtcm9sZXMta2V5XyI6WyLotoXnuqfnrqHnkIblkZgiXSwiaXNzIjoieWluZ3h1ZS5jb20iLCJqd3QtdXNlci1uYW1lLWtleSI6ImFkbWluIiwiZXhwIjoxNTk2MTA0NDIyLCJpYXQiOjE1OTYwOTcyMjJ9.axtKKMY_NeJqbLM3z14hw5a2nWg0pDjdj_6k-r_GdgQ]
2020-07-30 17:16:50.854  INFO 14600 --- [lettuce-nioEventLoop-4-1] io.lettuce.core.protocol.CommandHandler  : null Unexpected exception during request: java.io.IOException: 远程主机强迫关闭了一个现有的连接。

java.io.IOException: 远程主机强迫关闭了一个现有的连接。
	at sun.nio.ch.SocketDispatcher.read0(Native Method) ~[na:1.8.0_162]
	at sun.nio.ch.SocketDispatcher.read(SocketDispatcher.java:43) ~[na:1.8.0_162]
	at sun.nio.ch.IOUtil.readIntoNativeBuffer(IOUtil.java:223) ~[na:1.8.0_162]
	at sun.nio.ch.IOUtil.read(IOUtil.java:192) ~[na:1.8.0_162]
	at sun.nio.ch.SocketChannelImpl.read(SocketChannelImpl.java:380) ~[na:1.8.0_162]
	at io.netty.buffer.PooledUnsafeDirectByteBuf.setBytes(PooledUnsafeDirectByteBuf.java:288) ~[netty-buffer-4.1.36.Final.jar:4.1.36.Final]
	at io.netty.buffer.AbstractByteBuf.writeBytes(AbstractByteBuf.java:1125) ~[netty-buffer-4.1.36.Final.jar:4.1.36.Final]
	at io.netty.channel.socket.nio.NioSocketChannel.doReadBytes(NioSocketChannel.java:347) ~[netty-transport-4.1.36.Final.jar:4.1.36.Final]
	at io.netty.channel.nio.AbstractNioByteChannel$NioByteUnsafe.read(AbstractNioByteChannel.java:148) ~[netty-transport-4.1.36.Final.jar:4.1.36.Final]
	at io.netty.channel.nio.NioEventLoop.processSelectedKey(NioEventLoop.java:682) [netty-transport-4.1.36.Final.jar:4.1.36.Final]
	at io.netty.channel.nio.NioEventLoop.processSelectedKeysOptimized(NioEventLoop.java:617) [netty-transport-4.1.36.Final.jar:4.1.36.Final]
	at io.netty.channel.nio.NioEventLoop.processSelectedKeys(NioEventLoop.java:534) [netty-transport-4.1.36.Final.jar:4.1.36.Final]
	at io.netty.channel.nio.NioEventLoop.run(NioEventLoop.java:496) [netty-transport-4.1.36.Final.jar:4.1.36.Final]
	at io.netty.util.concurrent.SingleThreadEventExecutor$5.run(SingleThreadEventExecutor.java:906) [netty-common-4.1.36.Final.jar:4.1.36.Final]
	at io.netty.util.internal.ThreadExecutorMap$2.run(ThreadExecutorMap.java:74) [netty-common-4.1.36.Final.jar:4.1.36.Final]
	at io.netty.util.concurrent.FastThreadLocalRunnable.run(FastThreadLocalRunnable.java:30) [netty-common-4.1.36.Final.jar:4.1.36.Final]
	at java.lang.Thread.run(Thread.java:748) [na:1.8.0_162]

2020-07-30 17:16:51.016  INFO 14600 --- [lettuce-eventExecutorLoop-1-4] i.l.core.protocol.ConnectionWatchdog     : Reconnecting, last destination was localhost/127.0.0.1:6379
2020-07-30 17:16:53.054  WARN 14600 --- [lettuce-nioEventLoop-4-2] i.l.core.protocol.ConnectionWatchdog     : Cannot reconnect: io.netty.channel.AbstractChannel$AnnotatedConnectException: Connection refused: no further information: localhost/127.0.0.1:6379
